{"C:\\Users\\Abdullah\\Desktop\\social-media-scheduler\\analyticsRoutes.cjs": {"path":"C:\\Users\\Abdullah\\Desktop\\social-media-scheduler\\analyticsRoutes.cjs","statementMap":{"0":{"start":{"line":1,"column":16},"end":{"line":1,"column":34}},"1":{"start":{"line":2,"column":15},"end":{"line":2,"column":31}},"2":{"start":{"line":3,"column":25},"end":{"line":3,"column":71}},"3":{"start":{"line":7,"column":4},"end":{"line":7,"column":50}},"4":{"start":{"line":10,"column":0},"end":{"line":40,"column":3}},"5":{"start":{"line":11,"column":2},"end":{"line":39,"column":3}},"6":{"start":{"line":12,"column":35},"end":{"line":12,"column":44}},"7":{"start":{"line":13,"column":20},"end":{"line":13,"column":28}},"8":{"start":{"line":15,"column":4},"end":{"line":19,"column":5}},"9":{"start":{"line":16,"column":6},"end":{"line":18,"column":63}},"10":{"start":{"line":21,"column":4},"end":{"line":23,"column":6}},"11":{"start":{"line":25,"column":20},"end":{"line":29,"column":5}},"12":{"start":{"line":31,"column":4},"end":{"line":31,"column":58}},"13":{"start":{"line":32,"column":4},"end":{"line":32,"column":22}},"14":{"start":{"line":34,"column":4},"end":{"line":34,"column":63}},"15":{"start":{"line":35,"column":4},"end":{"line":38,"column":7}},"16":{"start":{"line":43,"column":0},"end":{"line":66,"column":2}},"17":{"start":{"line":48,"column":4},"end":{"line":64,"column":5}},"18":{"start":{"line":49,"column":27},"end":{"line":49,"column":37}},"19":{"start":{"line":50,"column":22},"end":{"line":50,"column":30}},"20":{"start":{"line":52,"column":6},"end":{"line":54,"column":8}},"21":{"start":{"line":56,"column":20},"end":{"line":56,"column":74}},"22":{"start":{"line":57,"column":6},"end":{"line":57,"column":22}},"23":{"start":{"line":59,"column":6},"end":{"line":59,"column":61}},"24":{"start":{"line":60,"column":6},"end":{"line":63,"column":9}},"25":{"start":{"line":69,"column":0},"end":{"line":90,"column":3}},"26":{"start":{"line":70,"column":2},"end":{"line":89,"column":3}},"27":{"start":{"line":71,"column":24},"end":{"line":71,"column":32}},"28":{"start":{"line":73,"column":4},"end":{"line":75,"column":5}},"29":{"start":{"line":74,"column":6},"end":{"line":74,"column":73}},"30":{"start":{"line":77,"column":4},"end":{"line":77,"column":58}},"31":{"start":{"line":79,"column":22},"end":{"line":81,"column":5}},"32":{"start":{"line":80,"column":30},"end":{"line":80,"column":71}},"33":{"start":{"line":82,"column":4},"end":{"line":82,"column":24}},"34":{"start":{"line":84,"column":4},"end":{"line":84,"column":59}},"35":{"start":{"line":85,"column":4},"end":{"line":88,"column":7}},"36":{"start":{"line":93,"column":0},"end":{"line":121,"column":2}},"37":{"start":{"line":98,"column":4},"end":{"line":119,"column":5}},"38":{"start":{"line":99,"column":27},"end":{"line":99,"column":37}},"39":{"start":{"line":100,"column":37},"end":{"line":100,"column":46}},"40":{"start":{"line":101,"column":22},"end":{"line":101,"column":30}},"41":{"start":{"line":103,"column":6},"end":{"line":105,"column":8}},"42":{"start":{"line":107,"column":26},"end":{"line":111,"column":7}},"43":{"start":{"line":112,"column":6},"end":{"line":112,"column":28}},"44":{"start":{"line":114,"column":6},"end":{"line":114,"column":59}},"45":{"start":{"line":115,"column":6},"end":{"line":118,"column":9}},"46":{"start":{"line":124,"column":0},"end":{"line":148,"column":2}},"47":{"start":{"line":129,"column":4},"end":{"line":146,"column":5}},"48":{"start":{"line":130,"column":35},"end":{"line":130,"column":45}},"49":{"start":{"line":131,"column":22},"end":{"line":131,"column":30}},"50":{"start":{"line":133,"column":6},"end":{"line":136,"column":8}},"51":{"start":{"line":138,"column":6},"end":{"line":138,"column":74}},"52":{"start":{"line":139,"column":6},"end":{"line":139,"column":34}},"53":{"start":{"line":141,"column":6},"end":{"line":141,"column":59}},"54":{"start":{"line":142,"column":6},"end":{"line":145,"column":9}},"55":{"start":{"line":151,"column":0},"end":{"line":214,"column":3}},"56":{"start":{"line":152,"column":2},"end":{"line":213,"column":3}},"57":{"start":{"line":153,"column":52},"end":{"line":153,"column":61}},"58":{"start":{"line":154,"column":20},"end":{"line":154,"column":28}},"59":{"start":{"line":156,"column":4},"end":{"line":160,"column":5}},"60":{"start":{"line":157,"column":6},"end":{"line":159,"column":63}},"61":{"start":{"line":162,"column":4},"end":{"line":164,"column":6}},"62":{"start":{"line":166,"column":20},"end":{"line":170,"column":5}},"63":{"start":{"line":172,"column":4},"end":{"line":206,"column":5}},"64":{"start":{"line":173,"column":22},"end":{"line":196,"column":7}},"65":{"start":{"line":186,"column":10},"end":{"line":194,"column":21}},"66":{"start":{"line":198,"column":6},"end":{"line":198,"column":48}},"67":{"start":{"line":199,"column":6},"end":{"line":202,"column":8}},"68":{"start":{"line":203,"column":6},"end":{"line":203,"column":35}},"69":{"start":{"line":205,"column":6},"end":{"line":205,"column":24}},"70":{"start":{"line":208,"column":4},"end":{"line":208,"column":55}},"71":{"start":{"line":209,"column":4},"end":{"line":212,"column":7}},"72":{"start":{"line":217,"column":0},"end":{"line":243,"column":3}},"73":{"start":{"line":218,"column":2},"end":{"line":242,"column":3}},"74":{"start":{"line":219,"column":35},"end":{"line":219,"column":44}},"75":{"start":{"line":220,"column":20},"end":{"line":220,"column":28}},"76":{"start":{"line":221,"column":22},"end":{"line":221,"column":70}},"77":{"start":{"line":223,"column":4},"end":{"line":223,"column":64}},"78":{"start":{"line":225,"column":24},"end":{"line":233,"column":5}},"79":{"start":{"line":227,"column":22},"end":{"line":227,"column":76}},"80":{"start":{"line":228,"column":8},"end":{"line":231,"column":10}},"81":{"start":{"line":235,"column":4},"end":{"line":235,"column":26}},"82":{"start":{"line":237,"column":4},"end":{"line":237,"column":64}},"83":{"start":{"line":238,"column":4},"end":{"line":241,"column":7}},"84":{"start":{"line":245,"column":0},"end":{"line":245,"column":24}}},"fnMap":{"0":{"name":"(anonymous_0)","decl":{"start":{"line":10,"column":54},"end":{"line":10,"column":55}},"loc":{"start":{"line":10,"column":74},"end":{"line":40,"column":1}},"line":10},"1":{"name":"(anonymous_1)","decl":{"start":{"line":47,"column":2},"end":{"line":47,"column":3}},"loc":{"start":{"line":47,"column":22},"end":{"line":65,"column":3}},"line":47},"2":{"name":"(anonymous_2)","decl":{"start":{"line":69,"column":50},"end":{"line":69,"column":51}},"loc":{"start":{"line":69,"column":70},"end":{"line":90,"column":1}},"line":69},"3":{"name":"(anonymous_3)","decl":{"start":{"line":80,"column":18},"end":{"line":80,"column":19}},"loc":{"start":{"line":80,"column":30},"end":{"line":80,"column":71}},"line":80},"4":{"name":"(anonymous_4)","decl":{"start":{"line":97,"column":2},"end":{"line":97,"column":3}},"loc":{"start":{"line":97,"column":22},"end":{"line":120,"column":3}},"line":97},"5":{"name":"(anonymous_5)","decl":{"start":{"line":128,"column":2},"end":{"line":128,"column":3}},"loc":{"start":{"line":128,"column":22},"end":{"line":147,"column":3}},"line":128},"6":{"name":"(anonymous_6)","decl":{"start":{"line":151,"column":50},"end":{"line":151,"column":51}},"loc":{"start":{"line":151,"column":70},"end":{"line":214,"column":1}},"line":151},"7":{"name":"(anonymous_7)","decl":{"start":{"line":185,"column":23},"end":{"line":185,"column":24}},"loc":{"start":{"line":186,"column":10},"end":{"line":194,"column":21}},"line":186},"8":{"name":"(anonymous_8)","decl":{"start":{"line":217,"column":54},"end":{"line":217,"column":55}},"loc":{"start":{"line":217,"column":74},"end":{"line":243,"column":1}},"line":217},"9":{"name":"(anonymous_9)","decl":{"start":{"line":226,"column":20},"end":{"line":226,"column":21}},"loc":{"start":{"line":226,"column":40},"end":{"line":232,"column":7}},"line":226}},"branchMap":{"0":{"loc":{"start":{"line":15,"column":4},"end":{"line":19,"column":5}},"type":"if","locations":[{"start":{"line":15,"column":4},"end":{"line":19,"column":5}},{"start":{},"end":{}}],"line":15},"1":{"loc":{"start":{"line":15,"column":8},"end":{"line":15,"column":30}},"type":"binary-expr","locations":[{"start":{"line":15,"column":8},"end":{"line":15,"column":18}},{"start":{"line":15,"column":22},"end":{"line":15,"column":30}}],"line":15},"2":{"loc":{"start":{"line":73,"column":4},"end":{"line":75,"column":5}},"type":"if","locations":[{"start":{"line":73,"column":4},"end":{"line":75,"column":5}},{"start":{},"end":{}}],"line":73},"3":{"loc":{"start":{"line":100,"column":14},"end":{"line":100,"column":32}},"type":"default-arg","locations":[{"start":{"line":100,"column":26},"end":{"line":100,"column":32}}],"line":100},"4":{"loc":{"start":{"line":153,"column":32},"end":{"line":153,"column":47}},"type":"default-arg","locations":[{"start":{"line":153,"column":41},"end":{"line":153,"column":47}}],"line":153},"5":{"loc":{"start":{"line":156,"column":4},"end":{"line":160,"column":5}},"type":"if","locations":[{"start":{"line":156,"column":4},"end":{"line":160,"column":5}},{"start":{},"end":{}}],"line":156},"6":{"loc":{"start":{"line":156,"column":8},"end":{"line":156,"column":30}},"type":"binary-expr","locations":[{"start":{"line":156,"column":8},"end":{"line":156,"column":18}},{"start":{"line":156,"column":22},"end":{"line":156,"column":30}}],"line":156},"7":{"loc":{"start":{"line":172,"column":4},"end":{"line":206,"column":5}},"type":"if","locations":[{"start":{"line":172,"column":4},"end":{"line":206,"column":5}},{"start":{"line":204,"column":11},"end":{"line":206,"column":5}}],"line":172}},"s":{"0":1,"1":1,"2":1,"3":1,"4":1,"5":2,"6":2,"7":2,"8":2,"9":1,"10":1,"11":1,"12":1,"13":1,"14":0,"15":0,"16":1,"17":1,"18":1,"19":1,"20":1,"21":1,"22":1,"23":0,"24":0,"25":1,"26":2,"27":2,"28":2,"29":1,"30":1,"31":1,"32":1,"33":1,"34":0,"35":0,"36":1,"37":1,"38":1,"39":1,"40":1,"41":1,"42":1,"43":1,"44":0,"45":0,"46":1,"47":0,"48":0,"49":0,"50":0,"51":0,"52":0,"53":0,"54":0,"55":1,"56":0,"57":0,"58":0,"59":0,"60":0,"61":0,"62":0,"63":0,"64":0,"65":0,"66":0,"67":0,"68":0,"69":0,"70":0,"71":0,"72":1,"73":0,"74":0,"75":0,"76":0,"77":0,"78":0,"79":0,"80":0,"81":0,"82":0,"83":0,"84":1},"f":{"0":2,"1":1,"2":2,"3":1,"4":1,"5":0,"6":0,"7":0,"8":0,"9":0},"b":{"0":[1,1],"1":[2,1],"2":[1,1],"3":[0],"4":[0],"5":[0,0],"6":[0,0],"7":[0,0]},"_coverageSchema":"1a1c01bbd47fc00a2c39e90264f33305004495a9","hash":"136c9b47a91a153973cf9436fc8600cff55fdafb"}
,"C:\\Users\\Abdullah\\Desktop\\social-media-scheduler\\authRoutes.cjs": {"path":"C:\\Users\\Abdullah\\Desktop\\social-media-scheduler\\authRoutes.cjs","statementMap":{"0":{"start":{"line":1,"column":16},"end":{"line":1,"column":34}},"1":{"start":{"line":2,"column":15},"end":{"line":2,"column":31}},"2":{"start":{"line":3,"column":20},"end":{"line":3,"column":61}},"3":{"start":{"line":4,"column":17},"end":{"line":4,"column":64}},"4":{"start":{"line":7,"column":0},"end":{"line":7,"column":34}},"5":{"start":{"line":8,"column":0},"end":{"line":8,"column":31}},"6":{"start":{"line":11,"column":0},"end":{"line":30,"column":3}},"7":{"start":{"line":12,"column":2},"end":{"line":29,"column":3}},"8":{"start":{"line":13,"column":45},"end":{"line":13,"column":53}},"9":{"start":{"line":14,"column":4},"end":{"line":16,"column":5}},"10":{"start":{"line":15,"column":6},"end":{"line":15,"column":80}},"11":{"start":{"line":18,"column":19},"end":{"line":18,"column":83}},"12":{"start":{"line":19,"column":4},"end":{"line":26,"column":7}},"13":{"start":{"line":28,"column":4},"end":{"line":28,"column":51}},"14":{"start":{"line":33,"column":0},"end":{"line":52,"column":3}},"15":{"start":{"line":34,"column":2},"end":{"line":51,"column":3}},"16":{"start":{"line":35,"column":32},"end":{"line":35,"column":40}},"17":{"start":{"line":36,"column":4},"end":{"line":38,"column":5}},"18":{"start":{"line":37,"column":6},"end":{"line":37,"column":68}},"19":{"start":{"line":40,"column":19},"end":{"line":40,"column":67}},"20":{"start":{"line":41,"column":4},"end":{"line":48,"column":7}},"21":{"start":{"line":50,"column":4},"end":{"line":50,"column":51}},"22":{"start":{"line":55,"column":0},"end":{"line":74,"column":3}},"23":{"start":{"line":56,"column":2},"end":{"line":73,"column":3}},"24":{"start":{"line":57,"column":18},"end":{"line":57,"column":58}},"25":{"start":{"line":58,"column":4},"end":{"line":60,"column":5}},"26":{"start":{"line":59,"column":6},"end":{"line":59,"column":80}},"27":{"start":{"line":62,"column":19},"end":{"line":62,"column":55}},"28":{"start":{"line":63,"column":4},"end":{"line":70,"column":7}},"29":{"start":{"line":72,"column":4},"end":{"line":72,"column":65}},"30":{"start":{"line":77,"column":0},"end":{"line":87,"column":3}},"31":{"start":{"line":78,"column":2},"end":{"line":86,"column":3}},"32":{"start":{"line":79,"column":18},"end":{"line":79,"column":58}},"33":{"start":{"line":80,"column":4},"end":{"line":82,"column":5}},"34":{"start":{"line":81,"column":6},"end":{"line":81,"column":42}},"35":{"start":{"line":83,"column":4},"end":{"line":83,"column":65}},"36":{"start":{"line":85,"column":4},"end":{"line":85,"column":51}},"37":{"start":{"line":90,"column":18},"end":{"line":90,"column":63}},"38":{"start":{"line":92,"column":0},"end":{"line":120,"column":3}},"39":{"start":{"line":94,"column":2},"end":{"line":106,"column":5}},"40":{"start":{"line":95,"column":18},"end":{"line":95,"column":74}},"41":{"start":{"line":96,"column":20},"end":{"line":100,"column":5}},"42":{"start":{"line":103,"column":4},"end":{"line":105,"column":7}},"43":{"start":{"line":104,"column":6},"end":{"line":104,"column":33}},"44":{"start":{"line":109,"column":2},"end":{"line":119,"column":5}},"45":{"start":{"line":110,"column":20},"end":{"line":113,"column":5}},"46":{"start":{"line":116,"column":4},"end":{"line":118,"column":7}},"47":{"start":{"line":117,"column":6},"end":{"line":117,"column":33}},"48":{"start":{"line":122,"column":0},"end":{"line":122,"column":24}}},"fnMap":{"0":{"name":"(anonymous_0)","decl":{"start":{"line":11,"column":25},"end":{"line":11,"column":26}},"loc":{"start":{"line":11,"column":45},"end":{"line":30,"column":1}},"line":11},"1":{"name":"(anonymous_1)","decl":{"start":{"line":33,"column":22},"end":{"line":33,"column":23}},"loc":{"start":{"line":33,"column":42},"end":{"line":52,"column":1}},"line":33},"2":{"name":"(anonymous_2)","decl":{"start":{"line":55,"column":22},"end":{"line":55,"column":23}},"loc":{"start":{"line":55,"column":42},"end":{"line":74,"column":1}},"line":55},"3":{"name":"(anonymous_3)","decl":{"start":{"line":77,"column":22},"end":{"line":77,"column":23}},"loc":{"start":{"line":77,"column":42},"end":{"line":87,"column":1}},"line":77},"4":{"name":"(anonymous_4)","decl":{"start":{"line":92,"column":18},"end":{"line":92,"column":19}},"loc":{"start":{"line":92,"column":30},"end":{"line":120,"column":1}},"line":92},"5":{"name":"(anonymous_5)","decl":{"start":{"line":94,"column":29},"end":{"line":94,"column":30}},"loc":{"start":{"line":94,"column":49},"end":{"line":106,"column":3}},"line":94},"6":{"name":"(anonymous_6)","decl":{"start":{"line":103,"column":55},"end":{"line":103,"column":56}},"loc":{"start":{"line":103,"column":61},"end":{"line":105,"column":5}},"line":103},"7":{"name":"(anonymous_7)","decl":{"start":{"line":109,"column":38},"end":{"line":109,"column":39}},"loc":{"start":{"line":109,"column":58},"end":{"line":119,"column":3}},"line":109},"8":{"name":"(anonymous_8)","decl":{"start":{"line":116,"column":55},"end":{"line":116,"column":56}},"loc":{"start":{"line":116,"column":61},"end":{"line":118,"column":5}},"line":116}},"branchMap":{"0":{"loc":{"start":{"line":14,"column":4},"end":{"line":16,"column":5}},"type":"if","locations":[{"start":{"line":14,"column":4},"end":{"line":16,"column":5}},{"start":{},"end":{}}],"line":14},"1":{"loc":{"start":{"line":14,"column":8},"end":{"line":14,"column":27}},"type":"binary-expr","locations":[{"start":{"line":14,"column":8},"end":{"line":14,"column":14}},{"start":{"line":14,"column":18},"end":{"line":14,"column":27}}],"line":14},"2":{"loc":{"start":{"line":36,"column":4},"end":{"line":38,"column":5}},"type":"if","locations":[{"start":{"line":36,"column":4},"end":{"line":38,"column":5}},{"start":{},"end":{}}],"line":36},"3":{"loc":{"start":{"line":36,"column":8},"end":{"line":36,"column":27}},"type":"binary-expr","locations":[{"start":{"line":36,"column":8},"end":{"line":36,"column":14}},{"start":{"line":36,"column":18},"end":{"line":36,"column":27}}],"line":36},"4":{"loc":{"start":{"line":58,"column":4},"end":{"line":60,"column":5}},"type":"if","locations":[{"start":{"line":58,"column":4},"end":{"line":60,"column":5}},{"start":{},"end":{}}],"line":58},"5":{"loc":{"start":{"line":80,"column":4},"end":{"line":82,"column":5}},"type":"if","locations":[{"start":{"line":80,"column":4},"end":{"line":82,"column":5}},{"start":{},"end":{}}],"line":80},"6":{"loc":{"start":{"line":95,"column":18},"end":{"line":95,"column":74}},"type":"cond-expr","locations":[{"start":{"line":95,"column":42},"end":{"line":95,"column":62}},{"start":{"line":95,"column":65},"end":{"line":95,"column":74}}],"line":95}},"s":{"0":1,"1":1,"2":1,"3":1,"4":1,"5":1,"6":1,"7":2,"8":2,"9":2,"10":0,"11":2,"12":1,"13":1,"14":1,"15":2,"16":2,"17":2,"18":0,"19":2,"20":1,"21":1,"22":1,"23":2,"24":2,"25":2,"26":0,"27":2,"28":1,"29":1,"30":1,"31":1,"32":1,"33":1,"34":1,"35":1,"36":0,"37":1,"38":1,"39":4,"40":4,"41":4,"42":4,"43":4,"44":4,"45":4,"46":4,"47":4,"48":1},"f":{"0":2,"1":2,"2":2,"3":1,"4":4,"5":4,"6":4,"7":4,"8":4},"b":{"0":[0,2],"1":[2,2],"2":[0,2],"3":[2,2],"4":[0,2],"5":[1,0],"6":[1,3]},"_coverageSchema":"1a1c01bbd47fc00a2c39e90264f33305004495a9","hash":"346bbfa71a589a4276979c3002a7ba165f2bc9ab"}
,"C:\\Users\\Abdullah\\Desktop\\social-media-scheduler\\firebaseConfig.cjs": {"path":"C:\\Users\\Abdullah\\Desktop\\social-media-scheduler\\firebaseConfig.cjs","statementMap":{"0":{"start":{"line":1,"column":14},"end":{"line":1,"column":39}},"1":{"start":{"line":2,"column":23},"end":{"line":2,"column":72}},"2":{"start":{"line":5,"column":21},"end":{"line":5,"column":39}},"3":{"start":{"line":6,"column":20},"end":{"line":6,"column":21}},"4":{"start":{"line":9,"column":14},"end":{"line":9,"column":69}},"5":{"start":{"line":9,"column":22},"end":{"line":9,"column":69}},"6":{"start":{"line":9,"column":45},"end":{"line":9,"column":68}},"7":{"start":{"line":12,"column":27},"end":{"line":70,"column":1}},"8":{"start":{"line":15,"column":2},"end":{"line":60,"column":3}},"9":{"start":{"line":15,"column":21},"end":{"line":15,"column":22}},"10":{"start":{"line":16,"column":4},"end":{"line":59,"column":5}},"11":{"start":{"line":18,"column":6},"end":{"line":23,"column":7}},"12":{"start":{"line":19,"column":8},"end":{"line":22,"column":11}},"13":{"start":{"line":25,"column":17},"end":{"line":25,"column":34}},"14":{"start":{"line":28,"column":29},"end":{"line":33,"column":8}},"15":{"start":{"line":31,"column":10},"end":{"line":31,"column":74}},"16":{"start":{"line":31,"column":27},"end":{"line":31,"column":66}},"17":{"start":{"line":35,"column":6},"end":{"line":35,"column":27}},"18":{"start":{"line":37,"column":6},"end":{"line":37,"column":66}},"19":{"start":{"line":38,"column":6},"end":{"line":38,"column":16}},"20":{"start":{"line":40,"column":6},"end":{"line":40,"column":24}},"21":{"start":{"line":41,"column":6},"end":{"line":41,"column":84}},"22":{"start":{"line":43,"column":6},"end":{"line":55,"column":7}},"23":{"start":{"line":44,"column":8},"end":{"line":46,"column":10}},"24":{"start":{"line":49,"column":8},"end":{"line":54,"column":9}},"25":{"start":{"line":50,"column":24},"end":{"line":50,"column":45}},"26":{"start":{"line":51,"column":10},"end":{"line":51,"column":62}},"27":{"start":{"line":52,"column":10},"end":{"line":52,"column":29}},"28":{"start":{"line":53,"column":10},"end":{"line":53,"column":19}},"29":{"start":{"line":58,"column":6},"end":{"line":58,"column":12}},"30":{"start":{"line":63,"column":2},"end":{"line":63,"column":73}},"31":{"start":{"line":64,"column":2},"end":{"line":64,"column":33}},"32":{"start":{"line":65,"column":2},"end":{"line":65,"column":47}},"33":{"start":{"line":66,"column":2},"end":{"line":66,"column":40}},"34":{"start":{"line":67,"column":2},"end":{"line":67,"column":51}},"35":{"start":{"line":68,"column":2},"end":{"line":68,"column":58}},"36":{"start":{"line":69,"column":2},"end":{"line":69,"column":18}},"37":{"start":{"line":73,"column":0},"end":{"line":73,"column":38}}},"fnMap":{"0":{"name":"(anonymous_0)","decl":{"start":{"line":9,"column":14},"end":{"line":9,"column":15}},"loc":{"start":{"line":9,"column":22},"end":{"line":9,"column":69}},"line":9},"1":{"name":"(anonymous_1)","decl":{"start":{"line":9,"column":34},"end":{"line":9,"column":35}},"loc":{"start":{"line":9,"column":45},"end":{"line":9,"column":68}},"line":9},"2":{"name":"(anonymous_2)","decl":{"start":{"line":12,"column":27},"end":{"line":12,"column":28}},"loc":{"start":{"line":12,"column":39},"end":{"line":70,"column":1}},"line":12},"3":{"name":"(anonymous_3)","decl":{"start":{"line":30,"column":20},"end":{"line":30,"column":21}},"loc":{"start":{"line":31,"column":10},"end":{"line":31,"column":74}},"line":31},"4":{"name":"(anonymous_4)","decl":{"start":{"line":31,"column":21},"end":{"line":31,"column":22}},"loc":{"start":{"line":31,"column":27},"end":{"line":31,"column":66}},"line":31}},"branchMap":{"0":{"loc":{"start":{"line":18,"column":6},"end":{"line":23,"column":7}},"type":"if","locations":[{"start":{"line":18,"column":6},"end":{"line":23,"column":7}},{"start":{},"end":{}}],"line":18},"1":{"loc":{"start":{"line":43,"column":6},"end":{"line":55,"column":7}},"type":"if","locations":[{"start":{"line":43,"column":6},"end":{"line":55,"column":7}},{"start":{},"end":{}}],"line":43},"2":{"loc":{"start":{"line":43,"column":10},"end":{"line":43,"column":57}},"type":"binary-expr","locations":[{"start":{"line":43,"column":10},"end":{"line":43,"column":27}},{"start":{"line":43,"column":31},"end":{"line":43,"column":57}}],"line":43},"3":{"loc":{"start":{"line":49,"column":8},"end":{"line":54,"column":9}},"type":"if","locations":[{"start":{"line":49,"column":8},"end":{"line":54,"column":9}},{"start":{},"end":{}}],"line":49}},"s":{"0":1,"1":1,"2":1,"3":1,"4":1,"5":0,"6":0,"7":1,"8":1,"9":1,"10":1,"11":1,"12":0,"13":0,"14":0,"15":0,"16":0,"17":0,"18":0,"19":0,"20":1,"21":1,"22":1,"23":0,"24":0,"25":0,"26":0,"27":0,"28":0,"29":1,"30":1,"31":1,"32":1,"33":1,"34":1,"35":1,"36":1,"37":1},"f":{"0":0,"1":0,"2":1,"3":0,"4":0},"b":{"0":[0,0],"1":[0,1],"2":[1,1],"3":[0,0]},"_coverageSchema":"1a1c01bbd47fc00a2c39e90264f33305004495a9","hash":"46daeb7c70e11c471edfe745cb095a28d7514cbf"}
,"C:\\Users\\Abdullah\\Desktop\\social-media-scheduler\\notificationRoutes.cjs": {"path":"C:\\Users\\Abdullah\\Desktop\\social-media-scheduler\\notificationRoutes.cjs","statementMap":{"0":{"start":{"line":1,"column":16},"end":{"line":1,"column":34}},"1":{"start":{"line":2,"column":0},"end":{"line":2,"column":47}},"2":{"start":{"line":3,"column":15},"end":{"line":3,"column":31}},"3":{"start":{"line":4,"column":28},"end":{"line":4,"column":77}},"4":{"start":{"line":8,"column":4},"end":{"line":8,"column":50}},"5":{"start":{"line":11,"column":0},"end":{"line":20,"column":3}},"6":{"start":{"line":12,"column":2},"end":{"line":19,"column":3}},"7":{"start":{"line":13,"column":20},"end":{"line":13,"column":28}},"8":{"start":{"line":14,"column":21},"end":{"line":14,"column":75}},"9":{"start":{"line":15,"column":4},"end":{"line":15,"column":23}},"10":{"start":{"line":17,"column":4},"end":{"line":17,"column":73}},"11":{"start":{"line":18,"column":4},"end":{"line":18,"column":51}},"12":{"start":{"line":23,"column":0},"end":{"line":39,"column":3}},"13":{"start":{"line":24,"column":2},"end":{"line":38,"column":3}},"14":{"start":{"line":25,"column":20},"end":{"line":25,"column":28}},"15":{"start":{"line":26,"column":21},"end":{"line":29,"column":5}},"16":{"start":{"line":30,"column":4},"end":{"line":30,"column":23}},"17":{"start":{"line":32,"column":4},"end":{"line":32,"column":74}},"18":{"start":{"line":33,"column":4},"end":{"line":37,"column":5}},"19":{"start":{"line":34,"column":6},"end":{"line":34,"column":53}},"20":{"start":{"line":36,"column":6},"end":{"line":36,"column":53}},"21":{"start":{"line":42,"column":0},"end":{"line":56,"column":3}},"22":{"start":{"line":43,"column":2},"end":{"line":55,"column":3}},"23":{"start":{"line":44,"column":20},"end":{"line":44,"column":28}},"24":{"start":{"line":45,"column":39},"end":{"line":45,"column":48}},"25":{"start":{"line":46,"column":24},"end":{"line":50,"column":6}},"26":{"start":{"line":51,"column":4},"end":{"line":51,"column":28}},"27":{"start":{"line":53,"column":4},"end":{"line":53,"column":65}},"28":{"start":{"line":54,"column":4},"end":{"line":54,"column":51}},"29":{"start":{"line":59,"column":0},"end":{"line":73,"column":3}},"30":{"start":{"line":60,"column":2},"end":{"line":72,"column":3}},"31":{"start":{"line":61,"column":19},"end":{"line":63,"column":5}},"32":{"start":{"line":64,"column":4},"end":{"line":64,"column":21}},"33":{"start":{"line":66,"column":4},"end":{"line":66,"column":72}},"34":{"start":{"line":67,"column":4},"end":{"line":71,"column":5}},"35":{"start":{"line":68,"column":6},"end":{"line":68,"column":53}},"36":{"start":{"line":70,"column":6},"end":{"line":70,"column":53}},"37":{"start":{"line":76,"column":0},"end":{"line":88,"column":3}},"38":{"start":{"line":77,"column":2},"end":{"line":87,"column":3}},"39":{"start":{"line":78,"column":19},"end":{"line":78,"column":78}},"40":{"start":{"line":79,"column":4},"end":{"line":79,"column":21}},"41":{"start":{"line":81,"column":4},"end":{"line":81,"column":65}},"42":{"start":{"line":82,"column":4},"end":{"line":86,"column":5}},"43":{"start":{"line":83,"column":6},"end":{"line":83,"column":53}},"44":{"start":{"line":85,"column":6},"end":{"line":85,"column":53}},"45":{"start":{"line":91,"column":0},"end":{"line":112,"column":3}},"46":{"start":{"line":92,"column":2},"end":{"line":111,"column":3}},"47":{"start":{"line":93,"column":34},"end":{"line":93,"column":42}},"48":{"start":{"line":94,"column":4},"end":{"line":98,"column":5}},"49":{"start":{"line":95,"column":6},"end":{"line":97,"column":62}},"50":{"start":{"line":99,"column":19},"end":{"line":102,"column":5}},"51":{"start":{"line":103,"column":4},"end":{"line":103,"column":21}},"52":{"start":{"line":105,"column":4},"end":{"line":105,"column":69}},"53":{"start":{"line":106,"column":4},"end":{"line":110,"column":5}},"54":{"start":{"line":107,"column":6},"end":{"line":107,"column":53}},"55":{"start":{"line":109,"column":6},"end":{"line":109,"column":53}},"56":{"start":{"line":114,"column":0},"end":{"line":114,"column":24}}},"fnMap":{"0":{"name":"(anonymous_0)","decl":{"start":{"line":11,"column":52},"end":{"line":11,"column":53}},"loc":{"start":{"line":11,"column":72},"end":{"line":20,"column":1}},"line":11},"1":{"name":"(anonymous_1)","decl":{"start":{"line":23,"column":52},"end":{"line":23,"column":53}},"loc":{"start":{"line":23,"column":72},"end":{"line":39,"column":1}},"line":23},"2":{"name":"(anonymous_2)","decl":{"start":{"line":42,"column":44},"end":{"line":42,"column":45}},"loc":{"start":{"line":42,"column":64},"end":{"line":56,"column":1}},"line":42},"3":{"name":"(anonymous_3)","decl":{"start":{"line":59,"column":52},"end":{"line":59,"column":53}},"loc":{"start":{"line":59,"column":72},"end":{"line":73,"column":1}},"line":59},"4":{"name":"(anonymous_4)","decl":{"start":{"line":76,"column":50},"end":{"line":76,"column":51}},"loc":{"start":{"line":76,"column":70},"end":{"line":88,"column":1}},"line":76},"5":{"name":"(anonymous_5)","decl":{"start":{"line":91,"column":49},"end":{"line":91,"column":50}},"loc":{"start":{"line":91,"column":69},"end":{"line":112,"column":1}},"line":91}},"branchMap":{"0":{"loc":{"start":{"line":33,"column":4},"end":{"line":37,"column":5}},"type":"if","locations":[{"start":{"line":33,"column":4},"end":{"line":37,"column":5}},{"start":{"line":35,"column":11},"end":{"line":37,"column":5}}],"line":33},"1":{"loc":{"start":{"line":45,"column":24},"end":{"line":45,"column":34}},"type":"default-arg","locations":[{"start":{"line":45,"column":32},"end":{"line":45,"column":34}}],"line":45},"2":{"loc":{"start":{"line":47,"column":12},"end":{"line":47,"column":73}},"type":"cond-expr","locations":[{"start":{"line":47,"column":30},"end":{"line":47,"column":34}},{"start":{"line":47,"column":37},"end":{"line":47,"column":73}}],"line":47},"3":{"loc":{"start":{"line":47,"column":37},"end":{"line":47,"column":73}},"type":"cond-expr","locations":[{"start":{"line":47,"column":56},"end":{"line":47,"column":61}},{"start":{"line":47,"column":64},"end":{"line":47,"column":73}}],"line":47},"4":{"loc":{"start":{"line":67,"column":4},"end":{"line":71,"column":5}},"type":"if","locations":[{"start":{"line":67,"column":4},"end":{"line":71,"column":5}},{"start":{"line":69,"column":11},"end":{"line":71,"column":5}}],"line":67},"5":{"loc":{"start":{"line":82,"column":4},"end":{"line":86,"column":5}},"type":"if","locations":[{"start":{"line":82,"column":4},"end":{"line":86,"column":5}},{"start":{"line":84,"column":11},"end":{"line":86,"column":5}}],"line":82},"6":{"loc":{"start":{"line":94,"column":4},"end":{"line":98,"column":5}},"type":"if","locations":[{"start":{"line":94,"column":4},"end":{"line":98,"column":5}},{"start":{},"end":{}}],"line":94},"7":{"loc":{"start":{"line":94,"column":8},"end":{"line":94,"column":29}},"type":"binary-expr","locations":[{"start":{"line":94,"column":8},"end":{"line":94,"column":13}},{"start":{"line":94,"column":17},"end":{"line":94,"column":29}}],"line":94},"8":{"loc":{"start":{"line":106,"column":4},"end":{"line":110,"column":5}},"type":"if","locations":[{"start":{"line":106,"column":4},"end":{"line":110,"column":5}},{"start":{"line":108,"column":11},"end":{"line":110,"column":5}}],"line":106}},"s":{"0":1,"1":1,"2":1,"3":1,"4":1,"5":1,"6":1,"7":1,"8":1,"9":1,"10":0,"11":0,"12":1,"13":2,"14":2,"15":2,"16":1,"17":1,"18":1,"19":1,"20":0,"21":1,"22":2,"23":2,"24":2,"25":2,"26":2,"27":0,"28":0,"29":1,"30":2,"31":2,"32":1,"33":1,"34":1,"35":1,"36":0,"37":1,"38":2,"39":2,"40":1,"41":1,"42":1,"43":1,"44":0,"45":1,"46":2,"47":2,"48":2,"49":0,"50":2,"51":1,"52":1,"53":1,"54":1,"55":0,"56":1},"f":{"0":1,"1":2,"2":2,"3":2,"4":2,"5":2},"b":{"0":[1,0],"1":[2],"2":[0,2],"3":[1,1],"4":[1,0],"5":[1,0],"6":[0,2],"7":[2,2],"8":[1,0]},"_coverageSchema":"1a1c01bbd47fc00a2c39e90264f33305004495a9","hash":"00cadf1558018443b6a3ffb4e4d9ca49406627db"}
,"C:\\Users\\Abdullah\\Desktop\\social-media-scheduler\\postRoutes.cjs": {"path":"C:\\Users\\Abdullah\\Desktop\\social-media-scheduler\\postRoutes.cjs","statementMap":{"0":{"start":{"line":1,"column":16},"end":{"line":1,"column":34}},"1":{"start":{"line":2,"column":15},"end":{"line":2,"column":31}},"2":{"start":{"line":3,"column":20},"end":{"line":3,"column":61}},"3":{"start":{"line":4,"column":39},"end":{"line":4,"column":85}},"4":{"start":{"line":7,"column":0},"end":{"line":35,"column":3}},"5":{"start":{"line":8,"column":2},"end":{"line":34,"column":3}},"6":{"start":{"line":9,"column":56},"end":{"line":9,"column":64}},"7":{"start":{"line":10,"column":20},"end":{"line":10,"column":28}},"8":{"start":{"line":12,"column":27},"end":{"line":12,"column":62}},"9":{"start":{"line":13,"column":4},"end":{"line":15,"column":5}},"10":{"start":{"line":14,"column":6},"end":{"line":14,"column":66}},"11":{"start":{"line":18,"column":29},"end":{"line":18,"column":79}},"12":{"start":{"line":18,"column":51},"end":{"line":18,"column":78}},"13":{"start":{"line":19,"column":4},"end":{"line":21,"column":5}},"14":{"start":{"line":20,"column":6},"end":{"line":20,"column":98}},"15":{"start":{"line":23,"column":17},"end":{"line":28,"column":6}},"16":{"start":{"line":30,"column":4},"end":{"line":30,"column":31}},"17":{"start":{"line":32,"column":4},"end":{"line":32,"column":57}},"18":{"start":{"line":33,"column":4},"end":{"line":33,"column":51}},"19":{"start":{"line":38,"column":0},"end":{"line":54,"column":3}},"20":{"start":{"line":39,"column":2},"end":{"line":53,"column":3}},"21":{"start":{"line":40,"column":20},"end":{"line":40,"column":28}},"22":{"start":{"line":41,"column":25},"end":{"line":41,"column":34}},"23":{"start":{"line":42,"column":27},"end":{"line":42,"column":62}},"24":{"start":{"line":44,"column":4},"end":{"line":46,"column":5}},"25":{"start":{"line":45,"column":6},"end":{"line":45,"column":72}},"26":{"start":{"line":48,"column":18},"end":{"line":48,"column":59}},"27":{"start":{"line":49,"column":4},"end":{"line":49,"column":20}},"28":{"start":{"line":51,"column":4},"end":{"line":51,"column":57}},"29":{"start":{"line":52,"column":4},"end":{"line":52,"column":51}},"30":{"start":{"line":57,"column":0},"end":{"line":72,"column":3}},"31":{"start":{"line":58,"column":2},"end":{"line":71,"column":3}},"32":{"start":{"line":59,"column":17},"end":{"line":59,"column":61}},"33":{"start":{"line":60,"column":4},"end":{"line":62,"column":5}},"34":{"start":{"line":61,"column":6},"end":{"line":61,"column":63}},"35":{"start":{"line":63,"column":4},"end":{"line":63,"column":19}},"36":{"start":{"line":65,"column":4},"end":{"line":65,"column":56}},"37":{"start":{"line":66,"column":4},"end":{"line":70,"column":5}},"38":{"start":{"line":67,"column":6},"end":{"line":67,"column":53}},"39":{"start":{"line":69,"column":6},"end":{"line":69,"column":53}},"40":{"start":{"line":75,"column":0},"end":{"line":87,"column":3}},"41":{"start":{"line":76,"column":2},"end":{"line":86,"column":3}},"42":{"start":{"line":77,"column":17},"end":{"line":77,"column":70}},"43":{"start":{"line":78,"column":4},"end":{"line":78,"column":19}},"44":{"start":{"line":80,"column":4},"end":{"line":80,"column":57}},"45":{"start":{"line":81,"column":4},"end":{"line":85,"column":5}},"46":{"start":{"line":82,"column":6},"end":{"line":82,"column":53}},"47":{"start":{"line":84,"column":6},"end":{"line":84,"column":53}},"48":{"start":{"line":90,"column":0},"end":{"line":102,"column":3}},"49":{"start":{"line":91,"column":2},"end":{"line":101,"column":3}},"50":{"start":{"line":92,"column":4},"end":{"line":92,"column":48}},"51":{"start":{"line":93,"column":4},"end":{"line":93,"column":55}},"52":{"start":{"line":95,"column":4},"end":{"line":95,"column":57}},"53":{"start":{"line":96,"column":4},"end":{"line":100,"column":5}},"54":{"start":{"line":97,"column":6},"end":{"line":97,"column":53}},"55":{"start":{"line":99,"column":6},"end":{"line":99,"column":53}},"56":{"start":{"line":105,"column":0},"end":{"line":126,"column":3}},"57":{"start":{"line":106,"column":2},"end":{"line":125,"column":3}},"58":{"start":{"line":107,"column":40},"end":{"line":107,"column":48}},"59":{"start":{"line":109,"column":4},"end":{"line":111,"column":5}},"60":{"start":{"line":110,"column":6},"end":{"line":110,"column":70}},"61":{"start":{"line":113,"column":17},"end":{"line":116,"column":6}},"62":{"start":{"line":117,"column":4},"end":{"line":117,"column":19}},"63":{"start":{"line":119,"column":4},"end":{"line":119,"column":59}},"64":{"start":{"line":120,"column":4},"end":{"line":124,"column":5}},"65":{"start":{"line":121,"column":6},"end":{"line":121,"column":53}},"66":{"start":{"line":123,"column":6},"end":{"line":123,"column":53}},"67":{"start":{"line":129,"column":0},"end":{"line":154,"column":3}},"68":{"start":{"line":130,"column":2},"end":{"line":153,"column":3}},"69":{"start":{"line":131,"column":26},"end":{"line":131,"column":34}},"70":{"start":{"line":132,"column":27},"end":{"line":132,"column":62}},"71":{"start":{"line":135,"column":4},"end":{"line":137,"column":5}},"72":{"start":{"line":136,"column":6},"end":{"line":136,"column":93}},"73":{"start":{"line":139,"column":29},"end":{"line":139,"column":79}},"74":{"start":{"line":139,"column":51},"end":{"line":139,"column":78}},"75":{"start":{"line":140,"column":4},"end":{"line":142,"column":5}},"76":{"start":{"line":141,"column":6},"end":{"line":141,"column":98}},"77":{"start":{"line":144,"column":17},"end":{"line":144,"column":72}},"78":{"start":{"line":145,"column":4},"end":{"line":145,"column":19}},"79":{"start":{"line":147,"column":4},"end":{"line":147,"column":59}},"80":{"start":{"line":148,"column":4},"end":{"line":152,"column":5}},"81":{"start":{"line":149,"column":6},"end":{"line":149,"column":53}},"82":{"start":{"line":151,"column":6},"end":{"line":151,"column":53}},"83":{"start":{"line":156,"column":0},"end":{"line":156,"column":24}}},"fnMap":{"0":{"name":"(anonymous_0)","decl":{"start":{"line":7,"column":45},"end":{"line":7,"column":46}},"loc":{"start":{"line":7,"column":65},"end":{"line":35,"column":1}},"line":7},"1":{"name":"(anonymous_1)","decl":{"start":{"line":18,"column":46},"end":{"line":18,"column":47}},"loc":{"start":{"line":18,"column":51},"end":{"line":18,"column":78}},"line":18},"2":{"name":"(anonymous_2)","decl":{"start":{"line":38,"column":44},"end":{"line":38,"column":45}},"loc":{"start":{"line":38,"column":64},"end":{"line":54,"column":1}},"line":38},"3":{"name":"(anonymous_3)","decl":{"start":{"line":57,"column":47},"end":{"line":57,"column":48}},"loc":{"start":{"line":57,"column":67},"end":{"line":72,"column":1}},"line":57},"4":{"name":"(anonymous_4)","decl":{"start":{"line":75,"column":47},"end":{"line":75,"column":48}},"loc":{"start":{"line":75,"column":67},"end":{"line":87,"column":1}},"line":75},"5":{"name":"(anonymous_5)","decl":{"start":{"line":90,"column":50},"end":{"line":90,"column":51}},"loc":{"start":{"line":90,"column":70},"end":{"line":102,"column":1}},"line":90},"6":{"name":"(anonymous_6)","decl":{"start":{"line":105,"column":57},"end":{"line":105,"column":58}},"loc":{"start":{"line":105,"column":77},"end":{"line":126,"column":1}},"line":105},"7":{"name":"(anonymous_7)","decl":{"start":{"line":129,"column":56},"end":{"line":129,"column":57}},"loc":{"start":{"line":129,"column":76},"end":{"line":154,"column":1}},"line":129},"8":{"name":"(anonymous_8)","decl":{"start":{"line":139,"column":46},"end":{"line":139,"column":47}},"loc":{"start":{"line":139,"column":51},"end":{"line":139,"column":78}},"line":139}},"branchMap":{"0":{"loc":{"start":{"line":13,"column":4},"end":{"line":15,"column":5}},"type":"if","locations":[{"start":{"line":13,"column":4},"end":{"line":15,"column":5}},{"start":{},"end":{}}],"line":13},"1":{"loc":{"start":{"line":13,"column":8},"end":{"line":13,"column":59}},"type":"binary-expr","locations":[{"start":{"line":13,"column":8},"end":{"line":13,"column":16}},{"start":{"line":13,"column":20},"end":{"line":13,"column":30}},{"start":{"line":13,"column":34},"end":{"line":13,"column":59}}],"line":13},"2":{"loc":{"start":{"line":19,"column":4},"end":{"line":21,"column":5}},"type":"if","locations":[{"start":{"line":19,"column":4},"end":{"line":21,"column":5}},{"start":{},"end":{}}],"line":19},"3":{"loc":{"start":{"line":44,"column":4},"end":{"line":46,"column":5}},"type":"if","locations":[{"start":{"line":44,"column":4},"end":{"line":46,"column":5}},{"start":{},"end":{}}],"line":44},"4":{"loc":{"start":{"line":44,"column":8},"end":{"line":44,"column":54}},"type":"binary-expr","locations":[{"start":{"line":44,"column":8},"end":{"line":44,"column":16}},{"start":{"line":44,"column":20},"end":{"line":44,"column":54}}],"line":44},"5":{"loc":{"start":{"line":60,"column":4},"end":{"line":62,"column":5}},"type":"if","locations":[{"start":{"line":60,"column":4},"end":{"line":62,"column":5}},{"start":{},"end":{}}],"line":60},"6":{"loc":{"start":{"line":66,"column":4},"end":{"line":70,"column":5}},"type":"if","locations":[{"start":{"line":66,"column":4},"end":{"line":70,"column":5}},{"start":{"line":68,"column":11},"end":{"line":70,"column":5}}],"line":66},"7":{"loc":{"start":{"line":81,"column":4},"end":{"line":85,"column":5}},"type":"if","locations":[{"start":{"line":81,"column":4},"end":{"line":85,"column":5}},{"start":{"line":83,"column":11},"end":{"line":85,"column":5}}],"line":81},"8":{"loc":{"start":{"line":96,"column":4},"end":{"line":100,"column":5}},"type":"if","locations":[{"start":{"line":96,"column":4},"end":{"line":100,"column":5}},{"start":{"line":98,"column":11},"end":{"line":100,"column":5}}],"line":96},"9":{"loc":{"start":{"line":109,"column":4},"end":{"line":111,"column":5}},"type":"if","locations":[{"start":{"line":109,"column":4},"end":{"line":111,"column":5}},{"start":{},"end":{}}],"line":109},"10":{"loc":{"start":{"line":109,"column":8},"end":{"line":109,"column":50}},"type":"binary-expr","locations":[{"start":{"line":109,"column":8},"end":{"line":109,"column":21}},{"start":{"line":109,"column":25},"end":{"line":109,"column":50}}],"line":109},"11":{"loc":{"start":{"line":120,"column":4},"end":{"line":124,"column":5}},"type":"if","locations":[{"start":{"line":120,"column":4},"end":{"line":124,"column":5}},{"start":{"line":122,"column":11},"end":{"line":124,"column":5}}],"line":120},"12":{"loc":{"start":{"line":135,"column":4},"end":{"line":137,"column":5}},"type":"if","locations":[{"start":{"line":135,"column":4},"end":{"line":137,"column":5}},{"start":{},"end":{}}],"line":135},"13":{"loc":{"start":{"line":135,"column":8},"end":{"line":135,"column":73}},"type":"binary-expr","locations":[{"start":{"line":135,"column":8},"end":{"line":135,"column":18}},{"start":{"line":135,"column":22},"end":{"line":135,"column":47}},{"start":{"line":135,"column":51},"end":{"line":135,"column":73}}],"line":135},"14":{"loc":{"start":{"line":140,"column":4},"end":{"line":142,"column":5}},"type":"if","locations":[{"start":{"line":140,"column":4},"end":{"line":142,"column":5}},{"start":{},"end":{}}],"line":140},"15":{"loc":{"start":{"line":148,"column":4},"end":{"line":152,"column":5}},"type":"if","locations":[{"start":{"line":148,"column":4},"end":{"line":152,"column":5}},{"start":{"line":150,"column":11},"end":{"line":152,"column":5}}],"line":148}},"s":{"0":1,"1":1,"2":1,"3":1,"4":1,"5":2,"6":2,"7":2,"8":2,"9":2,"10":1,"11":1,"12":2,"13":1,"14":0,"15":1,"16":1,"17":0,"18":0,"19":1,"20":2,"21":2,"22":2,"23":2,"24":2,"25":0,"26":2,"27":2,"28":0,"29":0,"30":1,"31":2,"32":2,"33":1,"34":0,"35":1,"36":1,"37":1,"38":1,"39":0,"40":1,"41":2,"42":2,"43":1,"44":1,"45":1,"46":1,"47":0,"48":1,"49":2,"50":2,"51":1,"52":1,"53":1,"54":1,"55":0,"56":1,"57":2,"58":2,"59":2,"60":1,"61":1,"62":1,"63":0,"64":0,"65":0,"66":0,"67":1,"68":2,"69":2,"70":2,"71":2,"72":0,"73":2,"74":3,"75":2,"76":1,"77":1,"78":1,"79":0,"80":0,"81":0,"82":0,"83":1},"f":{"0":2,"1":2,"2":2,"3":2,"4":2,"5":2,"6":2,"7":2,"8":3},"b":{"0":[1,1],"1":[2,1,1],"2":[0,1],"3":[0,2],"4":[2,1],"5":[0,1],"6":[1,0],"7":[1,0],"8":[1,0],"9":[1,1],"10":[2,2],"11":[0,0],"12":[0,2],"13":[2,2,2],"14":[1,1],"15":[0,0]},"_coverageSchema":"1a1c01bbd47fc00a2c39e90264f33305004495a9","hash":"ef9d41b138e66b002c4f8f4622c4296e8d1b78eb"}
,"C:\\Users\\Abdullah\\Desktop\\social-media-scheduler\\src\\middleware\\oauthMiddleware.cjs": {"path":"C:\\Users\\Abdullah\\Desktop\\social-media-scheduler\\src\\middleware\\oauthMiddleware.cjs","statementMap":{"0":{"start":{"line":1,"column":0},"end":{"line":1,"column":49}},"1":{"start":{"line":2,"column":17},"end":{"line":2,"column":36}},"2":{"start":{"line":3,"column":23},"end":{"line":3,"column":66}},"3":{"start":{"line":4,"column":25},"end":{"line":4,"column":62}},"4":{"start":{"line":5,"column":24},"end":{"line":5,"column":60}},"5":{"start":{"line":6,"column":25},"end":{"line":6,"column":69}},"6":{"start":{"line":7,"column":14},"end":{"line":7,"column":39}},"7":{"start":{"line":8,"column":11},"end":{"line":8,"column":46}},"8":{"start":{"line":11,"column":0},"end":{"line":14,"column":2}},"9":{"start":{"line":17,"column":0},"end":{"line":69,"column":1}},"10":{"start":{"line":18,"column":2},"end":{"line":66,"column":4}},"11":{"start":{"line":26,"column":8},"end":{"line":63,"column":9}},"12":{"start":{"line":27,"column":26},"end":{"line":30,"column":18}},"13":{"start":{"line":32,"column":10},"end":{"line":43,"column":11}},"14":{"start":{"line":33,"column":25},"end":{"line":33,"column":47}},"15":{"start":{"line":34,"column":31},"end":{"line":37,"column":13}},"16":{"start":{"line":38,"column":12},"end":{"line":40,"column":13}},"17":{"start":{"line":39,"column":14},"end":{"line":39,"column":53}},"18":{"start":{"line":41,"column":12},"end":{"line":41,"column":57}},"19":{"start":{"line":42,"column":12},"end":{"line":42,"column":67}},"20":{"start":{"line":45,"column":26},"end":{"line":53,"column":11}},"21":{"start":{"line":54,"column":10},"end":{"line":56,"column":11}},"22":{"start":{"line":55,"column":12},"end":{"line":55,"column":48}},"23":{"start":{"line":58,"column":25},"end":{"line":58,"column":66}},"24":{"start":{"line":59,"column":10},"end":{"line":59,"column":59}},"25":{"start":{"line":61,"column":10},"end":{"line":61,"column":60}},"26":{"start":{"line":62,"column":10},"end":{"line":62,"column":35}},"27":{"start":{"line":68,"column":2},"end":{"line":68,"column":55}},"28":{"start":{"line":72,"column":0},"end":{"line":123,"column":1}},"29":{"start":{"line":73,"column":2},"end":{"line":122,"column":4}},"30":{"start":{"line":82,"column":8},"end":{"line":119,"column":9}},"31":{"start":{"line":83,"column":26},"end":{"line":86,"column":18}},"32":{"start":{"line":88,"column":10},"end":{"line":99,"column":11}},"33":{"start":{"line":89,"column":25},"end":{"line":89,"column":47}},"34":{"start":{"line":90,"column":31},"end":{"line":93,"column":13}},"35":{"start":{"line":94,"column":12},"end":{"line":96,"column":13}},"36":{"start":{"line":95,"column":14},"end":{"line":95,"column":53}},"37":{"start":{"line":97,"column":12},"end":{"line":97,"column":57}},"38":{"start":{"line":98,"column":12},"end":{"line":98,"column":67}},"39":{"start":{"line":101,"column":26},"end":{"line":109,"column":11}},"40":{"start":{"line":110,"column":10},"end":{"line":112,"column":11}},"41":{"start":{"line":111,"column":12},"end":{"line":111,"column":48}},"42":{"start":{"line":114,"column":25},"end":{"line":114,"column":66}},"43":{"start":{"line":115,"column":10},"end":{"line":115,"column":59}},"44":{"start":{"line":117,"column":10},"end":{"line":117,"column":62}},"45":{"start":{"line":118,"column":10},"end":{"line":118,"column":35}},"46":{"start":{"line":126,"column":0},"end":{"line":170,"column":1}},"47":{"start":{"line":127,"column":2},"end":{"line":169,"column":4}},"48":{"start":{"line":135,"column":8},"end":{"line":166,"column":9}},"49":{"start":{"line":136,"column":26},"end":{"line":139,"column":18}},"50":{"start":{"line":141,"column":10},"end":{"line":149,"column":11}},"51":{"start":{"line":142,"column":25},"end":{"line":142,"column":47}},"52":{"start":{"line":143,"column":12},"end":{"line":147,"column":15}},"53":{"start":{"line":148,"column":12},"end":{"line":148,"column":67}},"54":{"start":{"line":151,"column":26},"end":{"line":159,"column":11}},"55":{"start":{"line":161,"column":25},"end":{"line":161,"column":66}},"56":{"start":{"line":162,"column":10},"end":{"line":162,"column":59}},"57":{"start":{"line":164,"column":10},"end":{"line":164,"column":61}},"58":{"start":{"line":165,"column":10},"end":{"line":165,"column":35}},"59":{"start":{"line":173,"column":0},"end":{"line":224,"column":1}},"60":{"start":{"line":174,"column":2},"end":{"line":223,"column":4}},"61":{"start":{"line":183,"column":8},"end":{"line":220,"column":9}},"62":{"start":{"line":184,"column":26},"end":{"line":187,"column":18}},"63":{"start":{"line":189,"column":10},"end":{"line":200,"column":11}},"64":{"start":{"line":190,"column":25},"end":{"line":190,"column":47}},"65":{"start":{"line":191,"column":31},"end":{"line":194,"column":13}},"66":{"start":{"line":195,"column":12},"end":{"line":197,"column":13}},"67":{"start":{"line":196,"column":14},"end":{"line":196,"column":53}},"68":{"start":{"line":198,"column":12},"end":{"line":198,"column":57}},"69":{"start":{"line":199,"column":12},"end":{"line":199,"column":67}},"70":{"start":{"line":202,"column":26},"end":{"line":210,"column":11}},"71":{"start":{"line":211,"column":10},"end":{"line":213,"column":11}},"72":{"start":{"line":212,"column":12},"end":{"line":212,"column":48}},"73":{"start":{"line":215,"column":25},"end":{"line":215,"column":66}},"74":{"start":{"line":216,"column":10},"end":{"line":216,"column":59}},"75":{"start":{"line":218,"column":10},"end":{"line":218,"column":62}},"76":{"start":{"line":219,"column":10},"end":{"line":219,"column":35}},"77":{"start":{"line":227,"column":0},"end":{"line":229,"column":3}},"78":{"start":{"line":228,"column":2},"end":{"line":228,"column":22}},"79":{"start":{"line":232,"column":0},"end":{"line":242,"column":3}},"80":{"start":{"line":233,"column":2},"end":{"line":241,"column":3}},"81":{"start":{"line":234,"column":20},"end":{"line":234,"column":62}},"82":{"start":{"line":235,"column":4},"end":{"line":237,"column":5}},"83":{"start":{"line":236,"column":6},"end":{"line":236,"column":53}},"84":{"start":{"line":238,"column":4},"end":{"line":238,"column":42}},"85":{"start":{"line":240,"column":4},"end":{"line":240,"column":22}},"86":{"start":{"line":244,"column":0},"end":{"line":244,"column":26}}},"fnMap":{"0":{"name":"(anonymous_0)","decl":{"start":{"line":25,"column":6},"end":{"line":25,"column":7}},"loc":{"start":{"line":25,"column":58},"end":{"line":64,"column":7}},"line":25},"1":{"name":"(anonymous_1)","decl":{"start":{"line":81,"column":6},"end":{"line":81,"column":7}},"loc":{"start":{"line":81,"column":58},"end":{"line":120,"column":7}},"line":81},"2":{"name":"(anonymous_2)","decl":{"start":{"line":134,"column":6},"end":{"line":134,"column":7}},"loc":{"start":{"line":134,"column":51},"end":{"line":167,"column":7}},"line":134},"3":{"name":"(anonymous_3)","decl":{"start":{"line":182,"column":6},"end":{"line":182,"column":7}},"loc":{"start":{"line":182,"column":58},"end":{"line":221,"column":7}},"line":182},"4":{"name":"(anonymous_4)","decl":{"start":{"line":227,"column":23},"end":{"line":227,"column":24}},"loc":{"start":{"line":227,"column":39},"end":{"line":229,"column":1}},"line":227},"5":{"name":"(anonymous_5)","decl":{"start":{"line":232,"column":25},"end":{"line":232,"column":26}},"loc":{"start":{"line":232,"column":45},"end":{"line":242,"column":1}},"line":232}},"branchMap":{"0":{"loc":{"start":{"line":17,"column":0},"end":{"line":69,"column":1}},"type":"if","locations":[{"start":{"line":17,"column":0},"end":{"line":69,"column":1}},{"start":{"line":67,"column":7},"end":{"line":69,"column":1}}],"line":17},"1":{"loc":{"start":{"line":17,"column":4},"end":{"line":17,"column":68}},"type":"binary-expr","locations":[{"start":{"line":17,"column":4},"end":{"line":17,"column":32}},{"start":{"line":17,"column":36},"end":{"line":17,"column":68}}],"line":17},"2":{"loc":{"start":{"line":32,"column":10},"end":{"line":43,"column":11}},"type":"if","locations":[{"start":{"line":32,"column":10},"end":{"line":43,"column":11}},{"start":{},"end":{}}],"line":32},"3":{"loc":{"start":{"line":38,"column":12},"end":{"line":40,"column":13}},"type":"if","locations":[{"start":{"line":38,"column":12},"end":{"line":40,"column":13}},{"start":{},"end":{}}],"line":38},"4":{"loc":{"start":{"line":54,"column":10},"end":{"line":56,"column":11}},"type":"if","locations":[{"start":{"line":54,"column":10},"end":{"line":56,"column":11}},{"start":{},"end":{}}],"line":54},"5":{"loc":{"start":{"line":72,"column":0},"end":{"line":123,"column":1}},"type":"if","locations":[{"start":{"line":72,"column":0},"end":{"line":123,"column":1}},{"start":{},"end":{}}],"line":72},"6":{"loc":{"start":{"line":72,"column":4},"end":{"line":72,"column":66}},"type":"binary-expr","locations":[{"start":{"line":72,"column":4},"end":{"line":72,"column":31}},{"start":{"line":72,"column":35},"end":{"line":72,"column":66}}],"line":72},"7":{"loc":{"start":{"line":88,"column":10},"end":{"line":99,"column":11}},"type":"if","locations":[{"start":{"line":88,"column":10},"end":{"line":99,"column":11}},{"start":{},"end":{}}],"line":88},"8":{"loc":{"start":{"line":94,"column":12},"end":{"line":96,"column":13}},"type":"if","locations":[{"start":{"line":94,"column":12},"end":{"line":96,"column":13}},{"start":{},"end":{}}],"line":94},"9":{"loc":{"start":{"line":110,"column":10},"end":{"line":112,"column":11}},"type":"if","locations":[{"start":{"line":110,"column":10},"end":{"line":112,"column":11}},{"start":{},"end":{}}],"line":110},"10":{"loc":{"start":{"line":126,"column":0},"end":{"line":170,"column":1}},"type":"if","locations":[{"start":{"line":126,"column":0},"end":{"line":170,"column":1}},{"start":{},"end":{}}],"line":126},"11":{"loc":{"start":{"line":126,"column":4},"end":{"line":126,"column":65}},"type":"binary-expr","locations":[{"start":{"line":126,"column":4},"end":{"line":126,"column":31}},{"start":{"line":126,"column":35},"end":{"line":126,"column":65}}],"line":126},"12":{"loc":{"start":{"line":141,"column":10},"end":{"line":149,"column":11}},"type":"if","locations":[{"start":{"line":141,"column":10},"end":{"line":149,"column":11}},{"start":{},"end":{}}],"line":141},"13":{"loc":{"start":{"line":173,"column":0},"end":{"line":224,"column":1}},"type":"if","locations":[{"start":{"line":173,"column":0},"end":{"line":224,"column":1}},{"start":{},"end":{}}],"line":173},"14":{"loc":{"start":{"line":173,"column":4},"end":{"line":173,"column":72}},"type":"binary-expr","locations":[{"start":{"line":173,"column":4},"end":{"line":173,"column":34}},{"start":{"line":173,"column":38},"end":{"line":173,"column":72}}],"line":173},"15":{"loc":{"start":{"line":189,"column":10},"end":{"line":200,"column":11}},"type":"if","locations":[{"start":{"line":189,"column":10},"end":{"line":200,"column":11}},{"start":{},"end":{}}],"line":189},"16":{"loc":{"start":{"line":195,"column":12},"end":{"line":197,"column":13}},"type":"if","locations":[{"start":{"line":195,"column":12},"end":{"line":197,"column":13}},{"start":{},"end":{}}],"line":195},"17":{"loc":{"start":{"line":211,"column":10},"end":{"line":213,"column":11}},"type":"if","locations":[{"start":{"line":211,"column":10},"end":{"line":213,"column":11}},{"start":{},"end":{}}],"line":211},"18":{"loc":{"start":{"line":235,"column":4},"end":{"line":237,"column":5}},"type":"if","locations":[{"start":{"line":235,"column":4},"end":{"line":237,"column":5}},{"start":{},"end":{}}],"line":235}},"s":{"0":1,"1":1,"2":1,"3":1,"4":1,"5":1,"6":1,"7":1,"8":1,"9":1,"10":0,"11":0,"12":0,"13":0,"14":0,"15":0,"16":0,"17":0,"18":0,"19":0,"20":0,"21":0,"22":0,"23":0,"24":0,"25":0,"26":0,"27":1,"28":1,"29":0,"30":0,"31":0,"32":0,"33":0,"34":0,"35":0,"36":0,"37":0,"38":0,"39":0,"40":0,"41":0,"42":0,"43":0,"44":0,"45":0,"46":1,"47":0,"48":0,"49":0,"50":0,"51":0,"52":0,"53":0,"54":0,"55":0,"56":0,"57":0,"58":0,"59":1,"60":0,"61":0,"62":0,"63":0,"64":0,"65":0,"66":0,"67":0,"68":0,"69":0,"70":0,"71":0,"72":0,"73":0,"74":0,"75":0,"76":0,"77":1,"78":0,"79":1,"80":0,"81":0,"82":0,"83":0,"84":0,"85":0,"86":1},"f":{"0":0,"1":0,"2":0,"3":0,"4":0,"5":0},"b":{"0":[0,1],"1":[1,0],"2":[0,0],"3":[0,0],"4":[0,0],"5":[0,1],"6":[1,0],"7":[0,0],"8":[0,0],"9":[0,0],"10":[0,1],"11":[1,0],"12":[0,0],"13":[0,1],"14":[1,0],"15":[0,0],"16":[0,0],"17":[0,0],"18":[0,0]},"_coverageSchema":"1a1c01bbd47fc00a2c39e90264f33305004495a9","hash":"cf02eb73c3858fb063a2b6ff895d0013089315de"}
,"C:\\Users\\Abdullah\\Desktop\\social-media-scheduler\\test\\setup\\auth.mock.js": {"path":"C:\\Users\\Abdullah\\Desktop\\social-media-scheduler\\test\\setup\\auth.mock.js","statementMap":{"0":{"start":{"line":2,"column":21},"end":{"line":9,"column":1}},"1":{"start":{"line":3,"column":28},"end":{"line":3,"column":54}},"2":{"start":{"line":3,"column":48},"end":{"line":3,"column":54}},"3":{"start":{"line":4,"column":25},"end":{"line":4,"column":51}},"4":{"start":{"line":4,"column":45},"end":{"line":4,"column":51}},"5":{"start":{"line":5,"column":47},"end":{"line":5,"column":73}},"6":{"start":{"line":5,"column":67},"end":{"line":5,"column":73}},"7":{"start":{"line":12,"column":24},"end":{"line":28,"column":1}},"8":{"start":{"line":31,"column":20},"end":{"line":37,"column":2}},"9":{"start":{"line":31,"column":34},"end":{"line":37,"column":1}},"10":{"start":{"line":32,"column":2},"end":{"line":35,"column":4}},"11":{"start":{"line":33,"column":24},"end":{"line":33,"column":34}},"12":{"start":{"line":34,"column":27},"end":{"line":34,"column":37}},"13":{"start":{"line":36,"column":2},"end":{"line":36,"column":9}},"14":{"start":{"line":40,"column":0},"end":{"line":40,"column":42}},"15":{"start":{"line":40,"column":28},"end":{"line":40,"column":40}},"16":{"start":{"line":41,"column":0},"end":{"line":41,"column":71}},"17":{"start":{"line":41,"column":54},"end":{"line":41,"column":69}},"18":{"start":{"line":42,"column":0},"end":{"line":42,"column":48}},"19":{"start":{"line":42,"column":35},"end":{"line":42,"column":46}},"20":{"start":{"line":44,"column":0},"end":{"line":48,"column":2}}},"fnMap":{"0":{"name":"(anonymous_0)","decl":{"start":{"line":3,"column":22},"end":{"line":3,"column":23}},"loc":{"start":{"line":3,"column":28},"end":{"line":3,"column":54}},"line":3},"1":{"name":"(anonymous_1)","decl":{"start":{"line":3,"column":28},"end":{"line":3,"column":29}},"loc":{"start":{"line":3,"column":48},"end":{"line":3,"column":54}},"line":3},"2":{"name":"(anonymous_2)","decl":{"start":{"line":4,"column":19},"end":{"line":4,"column":20}},"loc":{"start":{"line":4,"column":25},"end":{"line":4,"column":51}},"line":4},"3":{"name":"(anonymous_3)","decl":{"start":{"line":4,"column":25},"end":{"line":4,"column":26}},"loc":{"start":{"line":4,"column":45},"end":{"line":4,"column":51}},"line":4},"4":{"name":"(anonymous_4)","decl":{"start":{"line":5,"column":24},"end":{"line":5,"column":25}},"loc":{"start":{"line":5,"column":47},"end":{"line":5,"column":73}},"line":5},"5":{"name":"(anonymous_5)","decl":{"start":{"line":5,"column":47},"end":{"line":5,"column":48}},"loc":{"start":{"line":5,"column":67},"end":{"line":5,"column":73}},"line":5},"6":{"name":"(anonymous_6)","decl":{"start":{"line":31,"column":28},"end":{"line":31,"column":29}},"loc":{"start":{"line":31,"column":34},"end":{"line":37,"column":1}},"line":31},"7":{"name":"(anonymous_7)","decl":{"start":{"line":31,"column":34},"end":{"line":31,"column":35}},"loc":{"start":{"line":31,"column":54},"end":{"line":37,"column":1}},"line":31},"8":{"name":"(anonymous_8)","decl":{"start":{"line":33,"column":18},"end":{"line":33,"column":19}},"loc":{"start":{"line":33,"column":24},"end":{"line":33,"column":34}},"line":33},"9":{"name":"(anonymous_9)","decl":{"start":{"line":34,"column":21},"end":{"line":34,"column":22}},"loc":{"start":{"line":34,"column":27},"end":{"line":34,"column":37}},"line":34},"10":{"name":"(anonymous_10)","decl":{"start":{"line":40,"column":22},"end":{"line":40,"column":23}},"loc":{"start":{"line":40,"column":28},"end":{"line":40,"column":40}},"line":40},"11":{"name":"(anonymous_11)","decl":{"start":{"line":41,"column":48},"end":{"line":41,"column":49}},"loc":{"start":{"line":41,"column":54},"end":{"line":41,"column":69}},"line":41},"12":{"name":"(anonymous_12)","decl":{"start":{"line":42,"column":29},"end":{"line":42,"column":30}},"loc":{"start":{"line":42,"column":35},"end":{"line":42,"column":46}},"line":42}},"branchMap":{"0":{"loc":{"start":{"line":33,"column":24},"end":{"line":33,"column":34}},"type":"binary-expr","locations":[{"start":{"line":33,"column":24},"end":{"line":33,"column":26}},{"start":{"line":33,"column":30},"end":{"line":33,"column":34}}],"line":33},"1":{"loc":{"start":{"line":34,"column":27},"end":{"line":34,"column":37}},"type":"binary-expr","locations":[{"start":{"line":34,"column":27},"end":{"line":34,"column":29}},{"start":{"line":34,"column":33},"end":{"line":34,"column":37}}],"line":34}},"s":{"0":1,"1":1,"2":15,"3":1,"4":15,"5":8,"6":8,"7":1,"8":1,"9":0,"10":0,"11":0,"12":0,"13":0,"14":1,"15":1,"16":1,"17":1,"18":1,"19":0,"20":1},"f":{"0":1,"1":15,"2":1,"3":15,"4":8,"5":8,"6":0,"7":0,"8":0,"9":0,"10":1,"11":1,"12":0},"b":{"0":[0,0],"1":[0,0]},"inputSourceMap":null,"_coverageSchema":"1a1c01bbd47fc00a2c39e90264f33305004495a9","hash":"5f0ca7bed37b345672da79ea15b6a13b9c5d9a03"}
,"C:\\Users\\Abdullah\\Desktop\\social-media-scheduler\\test\\setup\\firebase.mock.js": {"path":"C:\\Users\\Abdullah\\Desktop\\social-media-scheduler\\test\\setup\\firebase.mock.js","statementMap":{"0":{"start":{"line":1,"column":27},"end":{"line":1,"column":69}},"1":{"start":{"line":4,"column":22},"end":{"line":35,"column":1}},"2":{"start":{"line":5,"column":29},"end":{"line":34,"column":3}},"3":{"start":{"line":6,"column":24},"end":{"line":28,"column":5}},"4":{"start":{"line":9,"column":21},"end":{"line":24,"column":9}},"5":{"start":{"line":38,"column":18},"end":{"line":53,"column":1}},"6":{"start":{"line":43,"column":19},"end":{"line":43,"column":32}},"7":{"start":{"line":44,"column":15},"end":{"line":47,"column":3}},"8":{"start":{"line":49,"column":33},"end":{"line":51,"column":5}},"9":{"start":{"line":50,"column":20},"end":{"line":50,"column":24}},"10":{"start":{"line":56,"column":0},"end":{"line":56,"column":45}},"11":{"start":{"line":56,"column":34},"end":{"line":56,"column":43}},"12":{"start":{"line":59,"column":0},"end":{"line":63,"column":2}}},"fnMap":{"0":{"name":"(anonymous_0)","decl":{"start":{"line":5,"column":22},"end":{"line":5,"column":23}},"loc":{"start":{"line":5,"column":29},"end":{"line":34,"column":3}},"line":5},"1":{"name":"(anonymous_1)","decl":{"start":{"line":6,"column":17},"end":{"line":6,"column":18}},"loc":{"start":{"line":6,"column":24},"end":{"line":28,"column":5}},"line":6},"2":{"name":"(anonymous_2)","decl":{"start":{"line":9,"column":14},"end":{"line":9,"column":15}},"loc":{"start":{"line":9,"column":21},"end":{"line":24,"column":9}},"line":9},"3":{"name":"(anonymous_3)","decl":{"start":{"line":43,"column":13},"end":{"line":43,"column":14}},"loc":{"start":{"line":43,"column":19},"end":{"line":43,"column":32}},"line":43},"4":{"name":"(anonymous_4)","decl":{"start":{"line":44,"column":8},"end":{"line":44,"column":9}},"loc":{"start":{"line":44,"column":15},"end":{"line":47,"column":3}},"line":44},"5":{"name":"(anonymous_5)","decl":{"start":{"line":49,"column":22},"end":{"line":49,"column":23}},"loc":{"start":{"line":49,"column":33},"end":{"line":51,"column":5}},"line":49},"6":{"name":"(anonymous_6)","decl":{"start":{"line":50,"column":14},"end":{"line":50,"column":15}},"loc":{"start":{"line":50,"column":20},"end":{"line":50,"column":24}},"line":50},"7":{"name":"(anonymous_7)","decl":{"start":{"line":56,"column":28},"end":{"line":56,"column":29}},"loc":{"start":{"line":56,"column":34},"end":{"line":56,"column":43}},"line":56}},"branchMap":{},"s":{"0":4,"1":4,"2":0,"3":0,"4":0,"5":4,"6":0,"7":0,"8":0,"9":0,"10":4,"11":1,"12":4},"f":{"0":0,"1":0,"2":0,"3":0,"4":0,"5":0,"6":0,"7":1},"b":{},"inputSourceMap":null,"_coverageSchema":"1a1c01bbd47fc00a2c39e90264f33305004495a9","hash":"bec159f411beb8b71aba6a2ee58791e9997fdd1e"}
,"C:\\Users\\Abdullah\\Desktop\\social-media-scheduler\\test\\setup\\notification.mock.js": {"path":"C:\\Users\\Abdullah\\Desktop\\social-media-scheduler\\test\\setup\\notification.mock.js","statementMap":{"0":{"start":{"line":2,"column":32},"end":{"line":86,"column":1}},"1":{"start":{"line":4,"column":26},"end":{"line":19,"column":5}},"2":{"start":{"line":21,"column":19},"end":{"line":21,"column":37}},"3":{"start":{"line":23,"column":4},"end":{"line":25,"column":5}},"4":{"start":{"line":24,"column":6},"end":{"line":24,"column":65}},"5":{"start":{"line":24,"column":40},"end":{"line":24,"column":63}},"6":{"start":{"line":27,"column":4},"end":{"line":29,"column":5}},"7":{"start":{"line":28,"column":6},"end":{"line":28,"column":65}},"8":{"start":{"line":28,"column":40},"end":{"line":28,"column":63}},"9":{"start":{"line":31,"column":4},"end":{"line":31,"column":67}},"10":{"start":{"line":36,"column":6},"end":{"line":38,"column":7}},"11":{"start":{"line":37,"column":8},"end":{"line":37,"column":50}},"12":{"start":{"line":39,"column":6},"end":{"line":42,"column":8}},"13":{"start":{"line":45,"column":4},"end":{"line":47,"column":5}},"14":{"start":{"line":46,"column":6},"end":{"line":46,"column":48}},"15":{"start":{"line":48,"column":4},"end":{"line":51,"column":6}},"16":{"start":{"line":56,"column":6},"end":{"line":58,"column":7}},"17":{"start":{"line":57,"column":8},"end":{"line":57,"column":44}},"18":{"start":{"line":59,"column":6},"end":{"line":62,"column":8}},"19":{"start":{"line":73,"column":6},"end":{"line":75,"column":7}},"20":{"start":{"line":74,"column":8},"end":{"line":74,"column":53}},"21":{"start":{"line":76,"column":6},"end":{"line":79,"column":8}},"22":{"start":{"line":84,"column":6},"end":{"line":84,"column":58}},"23":{"start":{"line":84,"column":41},"end":{"line":84,"column":56}},"24":{"start":{"line":89,"column":0},"end":{"line":92,"column":2}},"25":{"start":{"line":91,"column":8},"end":{"line":91,"column":31}},"26":{"start":{"line":94,"column":0},"end":{"line":96,"column":2}}},"fnMap":{"0":{"name":"(anonymous_0)","decl":{"start":{"line":3,"column":53},"end":{"line":3,"column":54}},"loc":{"start":{"line":3,"column":79},"end":{"line":32,"column":3}},"line":3},"1":{"name":"(anonymous_1)","decl":{"start":{"line":24,"column":33},"end":{"line":24,"column":34}},"loc":{"start":{"line":24,"column":40},"end":{"line":24,"column":63}},"line":24},"2":{"name":"(anonymous_2)","decl":{"start":{"line":28,"column":33},"end":{"line":28,"column":34}},"loc":{"start":{"line":28,"column":40},"end":{"line":28,"column":63}},"line":28},"3":{"name":"(anonymous_3)","decl":{"start":{"line":35,"column":24},"end":{"line":35,"column":25}},"loc":{"start":{"line":35,"column":50},"end":{"line":43,"column":5}},"line":35},"4":{"name":"(anonymous_4)","decl":{"start":{"line":44,"column":51},"end":{"line":44,"column":52}},"loc":{"start":{"line":44,"column":77},"end":{"line":52,"column":3}},"line":44},"5":{"name":"(anonymous_5)","decl":{"start":{"line":55,"column":24},"end":{"line":55,"column":25}},"loc":{"start":{"line":55,"column":52},"end":{"line":63,"column":5}},"line":55},"6":{"name":"(anonymous_6)","decl":{"start":{"line":72,"column":24},"end":{"line":72,"column":25}},"loc":{"start":{"line":72,"column":53},"end":{"line":80,"column":5}},"line":72},"7":{"name":"(anonymous_7)","decl":{"start":{"line":83,"column":24},"end":{"line":83,"column":25}},"loc":{"start":{"line":83,"column":49},"end":{"line":85,"column":5}},"line":83},"8":{"name":"(anonymous_8)","decl":{"start":{"line":84,"column":34},"end":{"line":84,"column":35}},"loc":{"start":{"line":84,"column":41},"end":{"line":84,"column":56}},"line":84},"9":{"name":"(anonymous_9)","decl":{"start":{"line":91,"column":2},"end":{"line":91,"column":3}},"loc":{"start":{"line":91,"column":8},"end":{"line":91,"column":31}},"line":91}},"branchMap":{"0":{"loc":{"start":{"line":3,"column":62},"end":{"line":3,"column":74}},"type":"default-arg","locations":[{"start":{"line":3,"column":72},"end":{"line":3,"column":74}}],"line":3},"1":{"loc":{"start":{"line":23,"column":4},"end":{"line":25,"column":5}},"type":"if","locations":[{"start":{"line":23,"column":4},"end":{"line":25,"column":5}},{"start":{},"end":{}}],"line":23},"2":{"loc":{"start":{"line":27,"column":4},"end":{"line":29,"column":5}},"type":"if","locations":[{"start":{"line":27,"column":4},"end":{"line":29,"column":5}},{"start":{},"end":{}}],"line":27},"3":{"loc":{"start":{"line":31,"column":45},"end":{"line":31,"column":64}},"type":"binary-expr","locations":[{"start":{"line":31,"column":45},"end":{"line":31,"column":58}},{"start":{"line":31,"column":62},"end":{"line":31,"column":64}}],"line":31},"4":{"loc":{"start":{"line":36,"column":6},"end":{"line":38,"column":7}},"type":"if","locations":[{"start":{"line":36,"column":6},"end":{"line":38,"column":7}},{"start":{},"end":{}}],"line":36},"5":{"loc":{"start":{"line":45,"column":4},"end":{"line":47,"column":5}},"type":"if","locations":[{"start":{"line":45,"column":4},"end":{"line":47,"column":5}},{"start":{},"end":{}}],"line":45},"6":{"loc":{"start":{"line":56,"column":6},"end":{"line":58,"column":7}},"type":"if","locations":[{"start":{"line":56,"column":6},"end":{"line":58,"column":7}},{"start":{},"end":{}}],"line":56},"7":{"loc":{"start":{"line":73,"column":6},"end":{"line":75,"column":7}},"type":"if","locations":[{"start":{"line":73,"column":6},"end":{"line":75,"column":7}},{"start":{},"end":{}}],"line":73}},"s":{"0":1,"1":2,"2":2,"3":2,"4":1,"5":2,"6":2,"7":0,"8":0,"9":2,"10":2,"11":1,"12":1,"13":2,"14":1,"15":1,"16":2,"17":1,"18":1,"19":2,"20":1,"21":1,"22":0,"23":0,"24":1,"25":1,"26":1},"f":{"0":2,"1":2,"2":0,"3":2,"4":2,"5":2,"6":2,"7":0,"8":0,"9":1},"b":{"0":[0],"1":[1,1],"2":[0,2],"3":[2,0],"4":[1,1],"5":[1,1],"6":[1,1],"7":[1,1]},"inputSourceMap":null,"_coverageSchema":"1a1c01bbd47fc00a2c39e90264f33305004495a9","hash":"68dda2543941ba5136a7d2c55d715867f0cc238f"}
}
