TN:
SF:analyticsRoutes.cjs
FN:10,(anonymous_0)
FN:47,(anonymous_1)
FN:69,(anonymous_2)
FN:80,(anonymous_3)
FN:97,(anonymous_4)
FN:128,(anonymous_5)
FN:151,(anonymous_6)
FN:185,(anonymous_7)
FN:217,(anonymous_8)
FN:226,(anonymous_9)
FNF:10
FNH:5
FNDA:2,(anonymous_0)
FNDA:1,(anonymous_1)
FNDA:2,(anonymous_2)
FNDA:1,(anonymous_3)
FNDA:1,(anonymous_4)
FNDA:0,(anonymous_5)
FNDA:0,(anonymous_6)
FNDA:0,(anonymous_7)
FNDA:0,(anonymous_8)
FNDA:0,(anonymous_9)
DA:1,1
DA:2,1
DA:3,1
DA:7,1
DA:10,1
DA:11,2
DA:12,2
DA:13,2
DA:15,2
DA:16,1
DA:21,1
DA:25,1
DA:31,1
DA:32,1
DA:34,0
DA:35,0
DA:43,1
DA:48,1
DA:49,1
DA:50,1
DA:52,1
DA:56,1
DA:57,1
DA:59,0
DA:60,0
DA:69,1
DA:70,2
DA:71,2
DA:73,2
DA:74,1
DA:77,1
DA:79,1
DA:80,1
DA:82,1
DA:84,0
DA:85,0
DA:93,1
DA:98,1
DA:99,1
DA:100,1
DA:101,1
DA:103,1
DA:107,1
DA:112,1
DA:114,0
DA:115,0
DA:124,1
DA:129,0
DA:130,0
DA:131,0
DA:133,0
DA:138,0
DA:139,0
DA:141,0
DA:142,0
DA:151,1
DA:152,0
DA:153,0
DA:154,0
DA:156,0
DA:157,0
DA:162,0
DA:166,0
DA:172,0
DA:173,0
DA:186,0
DA:198,0
DA:199,0
DA:203,0
DA:205,0
DA:208,0
DA:209,0
DA:217,1
DA:218,0
DA:219,0
DA:220,0
DA:221,0
DA:223,0
DA:225,0
DA:227,0
DA:228,0
DA:235,0
DA:237,0
DA:238,0
DA:245,1
LF:85
LH:42
BRDA:15,0,0,1
BRDA:15,0,1,1
BRDA:15,1,0,2
BRDA:15,1,1,1
BRDA:73,2,0,1
BRDA:73,2,1,1
BRDA:100,3,0,0
BRDA:153,4,0,0
BRDA:156,5,0,0
BRDA:156,5,1,0
BRDA:156,6,0,0
BRDA:156,6,1,0
BRDA:172,7,0,0
BRDA:172,7,1,0
BRF:14
BRH:6
end_of_record
TN:
SF:authRoutes.cjs
FN:11,(anonymous_0)
FN:33,(anonymous_1)
FN:55,(anonymous_2)
FN:77,(anonymous_3)
FN:92,(anonymous_4)
FN:94,(anonymous_5)
FN:103,(anonymous_6)
FN:109,(anonymous_7)
FN:116,(anonymous_8)
FNF:9
FNH:9
FNDA:2,(anonymous_0)
FNDA:2,(anonymous_1)
FNDA:2,(anonymous_2)
FNDA:1,(anonymous_3)
FNDA:4,(anonymous_4)
FNDA:4,(anonymous_5)
FNDA:4,(anonymous_6)
FNDA:4,(anonymous_7)
FNDA:4,(anonymous_8)
DA:1,1
DA:2,1
DA:3,1
DA:4,1
DA:7,1
DA:8,1
DA:11,1
DA:12,2
DA:13,2
DA:14,2
DA:15,0
DA:18,2
DA:19,1
DA:28,1
DA:33,1
DA:34,2
DA:35,2
DA:36,2
DA:37,0
DA:40,2
DA:41,1
DA:50,1
DA:55,1
DA:56,2
DA:57,2
DA:58,2
DA:59,0
DA:62,2
DA:63,1
DA:72,1
DA:77,1
DA:78,1
DA:79,1
DA:80,1
DA:81,1
DA:83,1
DA:85,0
DA:90,1
DA:92,1
DA:94,4
DA:95,4
DA:96,4
DA:103,4
DA:104,4
DA:109,4
DA:110,4
DA:116,4
DA:117,4
DA:122,1
LF:49
LH:45
BRDA:14,0,0,0
BRDA:14,0,1,2
BRDA:14,1,0,2
BRDA:14,1,1,2
BRDA:36,2,0,0
BRDA:36,2,1,2
BRDA:36,3,0,2
BRDA:36,3,1,2
BRDA:58,4,0,0
BRDA:58,4,1,2
BRDA:80,5,0,1
BRDA:80,5,1,0
BRDA:95,6,0,1
BRDA:95,6,1,3
BRF:14
BRH:10
end_of_record
TN:
SF:firebaseConfig.cjs
FN:9,(anonymous_0)
FN:9,(anonymous_1)
FN:12,(anonymous_2)
FN:30,(anonymous_3)
FN:31,(anonymous_4)
FNF:5
FNH:1
FNDA:0,(anonymous_0)
FNDA:0,(anonymous_1)
FNDA:1,(anonymous_2)
FNDA:0,(anonymous_3)
FNDA:0,(anonymous_4)
DA:1,1
DA:2,1
DA:5,1
DA:6,1
DA:9,1
DA:12,1
DA:15,1
DA:16,1
DA:18,1
DA:19,0
DA:25,0
DA:28,0
DA:31,0
DA:35,0
DA:37,0
DA:38,0
DA:40,1
DA:41,1
DA:43,1
DA:44,0
DA:49,0
DA:50,0
DA:51,0
DA:52,0
DA:53,0
DA:58,1
DA:63,1
DA:64,1
DA:65,1
DA:66,1
DA:67,1
DA:68,1
DA:69,1
DA:73,1
LF:34
LH:21
BRDA:18,0,0,0
BRDA:18,0,1,0
BRDA:43,1,0,0
BRDA:43,1,1,1
BRDA:43,2,0,1
BRDA:43,2,1,1
BRDA:49,3,0,0
BRDA:49,3,1,0
BRF:8
BRH:3
end_of_record
TN:
SF:notificationRoutes.cjs
FN:11,(anonymous_0)
FN:23,(anonymous_1)
FN:42,(anonymous_2)
FN:59,(anonymous_3)
FN:76,(anonymous_4)
FN:91,(anonymous_5)
FNF:6
FNH:6
FNDA:1,(anonymous_0)
FNDA:2,(anonymous_1)
FNDA:2,(anonymous_2)
FNDA:2,(anonymous_3)
FNDA:2,(anonymous_4)
FNDA:2,(anonymous_5)
DA:1,1
DA:2,1
DA:3,1
DA:4,1
DA:8,1
DA:11,1
DA:12,1
DA:13,1
DA:14,1
DA:15,1
DA:17,0
DA:18,0
DA:23,1
DA:24,2
DA:25,2
DA:26,2
DA:30,1
DA:32,1
DA:33,1
DA:34,1
DA:36,0
DA:42,1
DA:43,2
DA:44,2
DA:45,2
DA:46,2
DA:51,2
DA:53,0
DA:54,0
DA:59,1
DA:60,2
DA:61,2
DA:64,1
DA:66,1
DA:67,1
DA:68,1
DA:70,0
DA:76,1
DA:77,2
DA:78,2
DA:79,1
DA:81,1
DA:82,1
DA:83,1
DA:85,0
DA:91,1
DA:92,2
DA:93,2
DA:94,2
DA:95,0
DA:99,2
DA:103,1
DA:105,1
DA:106,1
DA:107,1
DA:109,0
DA:114,1
LF:57
LH:48
BRDA:33,0,0,1
BRDA:33,0,1,0
BRDA:45,1,0,2
BRDA:47,2,0,0
BRDA:47,2,1,2
BRDA:47,3,0,1
BRDA:47,3,1,1
BRDA:67,4,0,1
BRDA:67,4,1,0
BRDA:82,5,0,1
BRDA:82,5,1,0
BRDA:94,6,0,0
BRDA:94,6,1,2
BRDA:94,7,0,2
BRDA:94,7,1,2
BRDA:106,8,0,1
BRDA:106,8,1,0
BRF:17
BRH:11
end_of_record
TN:
SF:postRoutes.cjs
FN:7,(anonymous_0)
FN:18,(anonymous_1)
FN:38,(anonymous_2)
FN:57,(anonymous_3)
FN:75,(anonymous_4)
FN:90,(anonymous_5)
FN:105,(anonymous_6)
FN:129,(anonymous_7)
FN:139,(anonymous_8)
FNF:9
FNH:9
FNDA:2,(anonymous_0)
FNDA:2,(anonymous_1)
FNDA:2,(anonymous_2)
FNDA:2,(anonymous_3)
FNDA:2,(anonymous_4)
FNDA:2,(anonymous_5)
FNDA:2,(anonymous_6)
FNDA:2,(anonymous_7)
FNDA:3,(anonymous_8)
DA:1,1
DA:2,1
DA:3,1
DA:4,1
DA:7,1
DA:8,2
DA:9,2
DA:10,2
DA:12,2
DA:13,2
DA:14,1
DA:18,2
DA:19,1
DA:20,0
DA:23,1
DA:30,1
DA:32,0
DA:33,0
DA:38,1
DA:39,2
DA:40,2
DA:41,2
DA:42,2
DA:44,2
DA:45,0
DA:48,2
DA:49,2
DA:51,0
DA:52,0
DA:57,1
DA:58,2
DA:59,2
DA:60,1
DA:61,0
DA:63,1
DA:65,1
DA:66,1
DA:67,1
DA:69,0
DA:75,1
DA:76,2
DA:77,2
DA:78,1
DA:80,1
DA:81,1
DA:82,1
DA:84,0
DA:90,1
DA:91,2
DA:92,2
DA:93,1
DA:95,1
DA:96,1
DA:97,1
DA:99,0
DA:105,1
DA:106,2
DA:107,2
DA:109,2
DA:110,1
DA:113,1
DA:117,1
DA:119,0
DA:120,0
DA:121,0
DA:123,0
DA:129,1
DA:130,2
DA:131,2
DA:132,2
DA:135,2
DA:136,0
DA:139,3
DA:140,2
DA:141,1
DA:144,1
DA:145,1
DA:147,0
DA:148,0
DA:149,0
DA:151,0
DA:156,1
LF:82
LH:63
BRDA:13,0,0,1
BRDA:13,0,1,1
BRDA:13,1,0,2
BRDA:13,1,1,1
BRDA:13,1,2,1
BRDA:19,2,0,0
BRDA:19,2,1,1
BRDA:44,3,0,0
BRDA:44,3,1,2
BRDA:44,4,0,2
BRDA:44,4,1,1
BRDA:60,5,0,0
BRDA:60,5,1,1
BRDA:66,6,0,1
BRDA:66,6,1,0
BRDA:81,7,0,1
BRDA:81,7,1,0
BRDA:96,8,0,1
BRDA:96,8,1,0
BRDA:109,9,0,1
BRDA:109,9,1,1
BRDA:109,10,0,2
BRDA:109,10,1,2
BRDA:120,11,0,0
BRDA:120,11,1,0
BRDA:135,12,0,0
BRDA:135,12,1,2
BRDA:135,13,0,2
BRDA:135,13,1,2
BRDA:135,13,2,2
BRDA:140,14,0,1
BRDA:140,14,1,1
BRDA:148,15,0,0
BRDA:148,15,1,0
BRF:34
BRH:23
end_of_record
TN:
SF:src\middleware\oauthMiddleware.cjs
FN:25,(anonymous_0)
FN:81,(anonymous_1)
FN:134,(anonymous_2)
FN:182,(anonymous_3)
FN:227,(anonymous_4)
FN:232,(anonymous_5)
FNF:6
FNH:0
FNDA:0,(anonymous_0)
FNDA:0,(anonymous_1)
FNDA:0,(anonymous_2)
FNDA:0,(anonymous_3)
FNDA:0,(anonymous_4)
FNDA:0,(anonymous_5)
DA:1,1
DA:2,1
DA:3,1
DA:4,1
DA:5,1
DA:6,1
DA:7,1
DA:8,1
DA:11,1
DA:17,1
DA:18,0
DA:26,0
DA:27,0
DA:32,0
DA:33,0
DA:34,0
DA:38,0
DA:39,0
DA:41,0
DA:42,0
DA:45,0
DA:54,0
DA:55,0
DA:58,0
DA:59,0
DA:61,0
DA:62,0
DA:68,1
DA:72,1
DA:73,0
DA:82,0
DA:83,0
DA:88,0
DA:89,0
DA:90,0
DA:94,0
DA:95,0
DA:97,0
DA:98,0
DA:101,0
DA:110,0
DA:111,0
DA:114,0
DA:115,0
DA:117,0
DA:118,0
DA:126,1
DA:127,0
DA:135,0
DA:136,0
DA:141,0
DA:142,0
DA:143,0
DA:148,0
DA:151,0
DA:161,0
DA:162,0
DA:164,0
DA:165,0
DA:173,1
DA:174,0
DA:183,0
DA:184,0
DA:189,0
DA:190,0
DA:191,0
DA:195,0
DA:196,0
DA:198,0
DA:199,0
DA:202,0
DA:211,0
DA:212,0
DA:215,0
DA:216,0
DA:218,0
DA:219,0
DA:227,1
DA:228,0
DA:232,1
DA:233,0
DA:234,0
DA:235,0
DA:236,0
DA:238,0
DA:240,0
DA:244,1
LF:87
LH:17
BRDA:17,0,0,0
BRDA:17,0,1,1
BRDA:17,1,0,1
BRDA:17,1,1,0
BRDA:32,2,0,0
BRDA:32,2,1,0
BRDA:38,3,0,0
BRDA:38,3,1,0
BRDA:54,4,0,0
BRDA:54,4,1,0
BRDA:72,5,0,0
BRDA:72,5,1,1
BRDA:72,6,0,1
BRDA:72,6,1,0
BRDA:88,7,0,0
BRDA:88,7,1,0
BRDA:94,8,0,0
BRDA:94,8,1,0
BRDA:110,9,0,0
BRDA:110,9,1,0
BRDA:126,10,0,0
BRDA:126,10,1,1
BRDA:126,11,0,1
BRDA:126,11,1,0
BRDA:141,12,0,0
BRDA:141,12,1,0
BRDA:173,13,0,0
BRDA:173,13,1,1
BRDA:173,14,0,1
BRDA:173,14,1,0
BRDA:189,15,0,0
BRDA:189,15,1,0
BRDA:195,16,0,0
BRDA:195,16,1,0
BRDA:211,17,0,0
BRDA:211,17,1,0
BRDA:235,18,0,0
BRDA:235,18,1,0
BRF:38
BRH:8
end_of_record
TN:
SF:test\setup\auth.mock.js
FN:3,(anonymous_0)
FN:3,(anonymous_1)
FN:4,(anonymous_2)
FN:4,(anonymous_3)
FN:5,(anonymous_4)
FN:5,(anonymous_5)
FN:31,(anonymous_6)
FN:31,(anonymous_7)
FN:33,(anonymous_8)
FN:34,(anonymous_9)
FN:40,(anonymous_10)
FN:41,(anonymous_11)
FN:42,(anonymous_12)
FNF:13
FNH:8
FNDA:1,(anonymous_0)
FNDA:15,(anonymous_1)
FNDA:1,(anonymous_2)
FNDA:15,(anonymous_3)
FNDA:8,(anonymous_4)
FNDA:8,(anonymous_5)
FNDA:0,(anonymous_6)
FNDA:0,(anonymous_7)
FNDA:0,(anonymous_8)
FNDA:0,(anonymous_9)
FNDA:1,(anonymous_10)
FNDA:1,(anonymous_11)
FNDA:0,(anonymous_12)
DA:2,1
DA:3,15
DA:4,15
DA:5,8
DA:12,1
DA:31,1
DA:32,0
DA:33,0
DA:34,0
DA:36,0
DA:40,1
DA:41,1
DA:42,1
DA:44,1
LF:14
LH:10
BRDA:33,0,0,0
BRDA:33,0,1,0
BRDA:34,1,0,0
BRDA:34,1,1,0
BRF:4
BRH:0
end_of_record
TN:
SF:test\setup\firebase.mock.js
FN:5,(anonymous_0)
FN:6,(anonymous_1)
FN:9,(anonymous_2)
FN:43,(anonymous_3)
FN:44,(anonymous_4)
FN:49,(anonymous_5)
FN:50,(anonymous_6)
FN:56,(anonymous_7)
FNF:8
FNH:1
FNDA:0,(anonymous_0)
FNDA:0,(anonymous_1)
FNDA:0,(anonymous_2)
FNDA:0,(anonymous_3)
FNDA:0,(anonymous_4)
FNDA:0,(anonymous_5)
FNDA:0,(anonymous_6)
FNDA:1,(anonymous_7)
DA:1,4
DA:4,4
DA:5,0
DA:6,0
DA:9,0
DA:38,4
DA:43,0
DA:44,0
DA:49,0
DA:50,0
DA:56,4
DA:59,4
LF:12
LH:5
BRF:0
BRH:0
end_of_record
TN:
SF:test\setup\notification.mock.js
FN:3,(anonymous_0)
FN:24,(anonymous_1)
FN:28,(anonymous_2)
FN:35,(anonymous_3)
FN:44,(anonymous_4)
FN:55,(anonymous_5)
FN:72,(anonymous_6)
FN:83,(anonymous_7)
FN:84,(anonymous_8)
FN:91,(anonymous_9)
FNF:10
FNH:7
FNDA:2,(anonymous_0)
FNDA:2,(anonymous_1)
FNDA:0,(anonymous_2)
FNDA:2,(anonymous_3)
FNDA:2,(anonymous_4)
FNDA:2,(anonymous_5)
FNDA:2,(anonymous_6)
FNDA:0,(anonymous_7)
FNDA:0,(anonymous_8)
FNDA:1,(anonymous_9)
DA:2,1
DA:4,2
DA:21,2
DA:23,2
DA:24,2
DA:27,2
DA:28,0
DA:31,2
DA:36,2
DA:37,1
DA:39,1
DA:45,2
DA:46,1
DA:48,1
DA:56,2
DA:57,1
DA:59,1
DA:73,2
DA:74,1
DA:76,1
DA:84,0
DA:89,1
DA:91,1
DA:94,1
LF:24
LH:22
BRDA:3,0,0,0
BRDA:23,1,0,1
BRDA:23,1,1,1
BRDA:27,2,0,0
BRDA:27,2,1,2
BRDA:31,3,0,2
BRDA:31,3,1,0
BRDA:36,4,0,1
BRDA:36,4,1,1
BRDA:45,5,0,1
BRDA:45,5,1,1
BRDA:56,6,0,1
BRDA:56,6,1,1
BRDA:73,7,0,1
BRDA:73,7,1,1
BRF:15
BRH:12
end_of_record
